#                                                                       --- full sequence ---- --- best 1 domain ---- --- domain number estimation ----
# target name             accession  query name              accession    E-value  score  bias   E-value  score  bias   exp reg clu  ov env dom rep inc description of target
#     ------------------- ----------    -------------------- ---------- --------- ------ ----- --------- ------ -----   --- --- --- --- --- --- --- --- ---------------------
sp|O54819|TFPI1_MOUSE     -          pdb_kunitz_rp_formatted -            3.3e-69  224.8  38.5   1.5e-25   85.0   5.5   3.1   3   0   0   3   3   3   3 Tissue factor pathway inhibitor OS=Mus musculus OX=10090 GN=Tfpi PE=2 SV=1
sp|P84875|PCPI_SABMA      -          pdb_kunitz_rp_formatted -            5.2e-66  214.6  36.3   2.5e-23   77.9   6.4   3.0   2   1   1   3   3   3   3 Carboxypeptidase inhibitor SmCI OS=Sabellastarte magnifica OX=389514 PE=1 SV=1
sp|P83606|BMTI6_RHIMP     -          pdb_kunitz_rp_formatted -            2.1e-63  206.2  42.3     2e-22   75.0   8.6   3.1   3   0   0   3   3   3   3 Kunitz-type serine protease inhibitor 6 (Fragment) OS=Rhipicephalus microplus OX=6941 PE=1 SV=2
sp|Q03610|YN81_CAEEL      -          pdb_kunitz_rp_formatted -            1.8e-61  200.0  64.6   1.6e-17   59.3   9.1   5.9   5   0   0   5   5   5   5 Uncharacterized protein ZC84.1 OS=Caenorhabditis elegans OX=6239 GN=ZC84.1 PE=3 SV=6
sp|Q7YRQ8|TFPI2_BOVIN     -          pdb_kunitz_rp_formatted -            2.3e-58  190.1  34.3   3.8e-27   90.1   5.8   3.1   3   0   0   3   3   3   3 Tissue factor pathway inhibitor 2 OS=Bos taurus OX=9913 GN=TFPI2 PE=2 SV=1
sp|P86733|KCP_HALAI       -          pdb_kunitz_rp_formatted -            1.2e-49  162.2  20.6   1.9e-25   84.7   6.0   2.0   2   0   0   2   2   2   2 BPTI/Kunitz domain-containing protein (Fragment) OS=Haliotis asinina OX=109174 PE=1 SV=1
sp|O35536|TFPI2_MOUSE     -          pdb_kunitz_rp_formatted -            5.2e-49  160.1  25.7   1.1e-23   79.0   3.3   3.1   3   0   0   3   3   3   3 Tissue factor pathway inhibitor 2 OS=Mus musculus OX=10090 GN=Tfpi2 PE=2 SV=1
sp|W4VSH9|VKT1_TRILK      -          pdb_kunitz_rp_formatted -            3.4e-47  154.3  19.3   3.9e-25   83.7   5.4   2.2   2   0   0   2   2   2   2 Kunitz-type U19-barytoxin-Tl1a OS=Trittame loki OX=1295018 PE=2 SV=2
sp|Q6T269|VKT3_BITGA      -          pdb_kunitz_rp_formatted -            7.4e-47  153.2  27.1   3.4e-24   80.6   9.5   3.0   1   1   2   3   3   3   2 Kunitz-type serine protease inhibitor bitisilin-3 (Fragment) OS=Bitis gabonica OX=8694 PE=2 SV=1
sp|Q8WPI2|KUNIH_RHIMP     -          pdb_kunitz_rp_formatted -            9.6e-47  152.9  22.8   4.3e-26   86.7   7.5   2.1   2   0   0   2   2   2   2 Boophilin-H2 OS=Rhipicephalus microplus OX=6941 PE=1 SV=1
sp|Q8WPI3|KUNIG_RHIMP     -          pdb_kunitz_rp_formatted -            1.9e-46  151.9  21.8   6.4e-26   86.2   7.2   2.1   2   0   0   2   2   2   2 Boophilin-G2 OS=Rhipicephalus microplus OX=6941 PE=1 SV=1
sp|B6ZIW0|KUN_HAELO       -          pdb_kunitz_rp_formatted -            1.3e-45  149.2  28.1   1.1e-26   88.6   8.0   2.1   2   0   0   2   2   2   2 Thrombin inhibitor hemalin OS=Haemaphysalis longicornis OX=44386 PE=2 SV=1
sp|Q60559|AMBP_MESAU      -          pdb_kunitz_rp_formatted -            1.9e-40  132.7  20.8   1.9e-21   71.8   5.8   2.3   1   1   1   2   2   2   2 Protein AMBP OS=Mesocricetus auratus OX=10036 GN=AMBP PE=1 SV=1
sp|P62757|IATR_SHEEP      -          pdb_kunitz_rp_formatted -            2.2e-40  132.5  22.1   6.7e-22   73.3   5.0   2.0   1   1   1   2   2   2   2 Inter-alpha-trypsin inhibitor (Fragment) OS=Ovis aries OX=9940 PE=1 SV=1
sp|Q9R097|SPIT1_MOUSE     -          pdb_kunitz_rp_formatted -            3.3e-40  131.9  25.1   6.6e-22   73.3   6.3   2.6   2   0   0   2   2   2   2 Kunitz-type protease inhibitor 1 OS=Mus musculus OX=10090 GN=Spint1 PE=1 SV=2
sp|Q08E66|WFKN2_BOVIN     -          pdb_kunitz_rp_formatted -            1.8e-39  129.6  18.7   3.1e-24   80.8   5.0   3.2   2   1   0   2   2   2   2 WAP, Kazal, immunoglobulin, Kunitz and NTR domain-containing protein 2 OS=Bos taurus OX=9913 GN=WFIKKN2 PE=2 SV=1
sp|Q07456|AMBP_MOUSE      -          pdb_kunitz_rp_formatted -            3.8e-39  128.5  22.0   1.9e-21   71.8   6.7   2.3   1   1   1   2   2   2   2 Protein AMBP OS=Mus musculus OX=10090 GN=Ambp PE=1 SV=2
sp|P04366|AMBP_PIG        -          pdb_kunitz_rp_formatted -            4.8e-39  128.2  20.2     2e-20   68.6   5.9   2.5   1   1   1   2   2   2   2 Protein AMBP (Fragment) OS=Sus scrofa OX=9823 GN=AMBP PE=1 SV=2
sp|Q7TQN3|WFKN2_MOUSE     -          pdb_kunitz_rp_formatted -            1.2e-38  126.9  11.0   2.7e-24   81.0   1.7   3.1   2   0   0   2   2   2   2 WAP, Kazal, immunoglobulin, Kunitz and NTR domain-containing protein 2 OS=Mus musculus OX=10090 GN=Wfikkn2 PE=1 SV=2
sp|P83609|BMTIA_RHIMP     -          pdb_kunitz_rp_formatted -            7.4e-38  124.4  18.4   1.6e-20   68.9   2.9   2.0   2   0   0   2   2   2   2 Kunitz-type serine protease inhibitor A (Fragments) OS=Rhipicephalus microplus OX=6941 PE=1 SV=2
sp|Q8TEU8|WFKN2_HUMAN     -          pdb_kunitz_rp_formatted -            3.4e-34  112.7  25.3     6e-23   76.6   6.0   3.4   3   1   0   3   3   2   2 WAP, Kazal, immunoglobulin, Kunitz and NTR domain-containing protein 2 OS=Homo sapiens OX=9606 GN=WFIKKN2 PE=1 SV=1
sp|Q6NUX0|WFKN_DANRE      -          pdb_kunitz_rp_formatted -            1.8e-33  110.4  15.3   3.8e-20   67.7   3.2   2.8   2   0   0   2   2   2   2 WAP, Kazal, immunoglobulin, Kunitz and NTR domain-containing protein OS=Danio rerio OX=7955 GN=wfikkn PE=2 SV=1
sp|A0A1D0BND9|TD1A_HADIN  -          pdb_kunitz_rp_formatted -            5.8e-30   99.1  21.2   1.6e-15   52.9  10.8   2.1   2   0   0   2   2   2   2 U13-hexatoxin-Hi1a OS=Hadronyche infensa OX=153481 PE=2 SV=1
sp|P00975|IBPS_BOVIN      -          pdb_kunitz_rp_formatted -            5.1e-29   96.1   7.5   5.5e-29   96.0   7.5   1.0   1   0   0   1   1   1   1 Serum basic protease inhibitor OS=Bos taurus OX=9913 PE=1 SV=1
sp|P36992|AMBP_PLEPL      -          pdb_kunitz_rp_formatted -            1.3e-28   94.8  16.3   4.1e-19   64.4   6.6   2.3   1   1   1   2   2   2   2 Protein AMBP (Fragment) OS=Pleuronectes platessa OX=8262 PE=2 SV=1
sp|P0DMW7|VKT3B_ACTEQ     -          pdb_kunitz_rp_formatted -            1.5e-28   94.6   8.8   1.5e-28   94.6   8.8   1.0   1   0   0   1   1   1   1 PI-actitoxin-Aeq3b OS=Actinia equina OX=6106 PE=1 SV=1
sp|P0DV05|VKT2O_RADCR     -          pdb_kunitz_rp_formatted -            1.5e-28   94.6   2.8   1.6e-28   94.5   2.8   1.0   1   0   0   1   1   1   1 PI-stichotoxin-Hcr2o OS=Radianthus crispa OX=3122430 PE=3 SV=1
sp|P0DMJ6|VKT12_DENAN     -          pdb_kunitz_rp_formatted -            2.6e-28   93.8   6.0   2.7e-28   93.8   6.0   1.0   1   0   0   1   1   1   1 Kunitz-type serine protease inhibitor dendrotoxin DaE1 OS=Dendroaspis angusticeps OX=8618 PE=1 SV=1
sp|P04815|BPT2_BOVIN      -          pdb_kunitz_rp_formatted -            5.8e-28   92.7   8.1   7.6e-28   92.3   8.1   1.2   1   0   0   1   1   1   1 Spleen trypsin inhibitor I OS=Bos taurus OX=9913 PE=1 SV=2
sp|P00984|VKTE_DENPO      -          pdb_kunitz_rp_formatted -            6.9e-28   92.5   5.7   7.3e-28   92.4   5.7   1.0   1   0   0   1   1   1   1 Kunitz-type serine protease inhibitor dendrotoxin E OS=Dendroaspis polylepis polylepis OX=8620 PE=1 SV=1
sp|Q7LZE3|VKTHE_DENAN     -          pdb_kunitz_rp_formatted -            6.9e-28   92.5   5.7   7.3e-28   92.4   5.7   1.0   1   0   0   1   1   1   1 Kunitz-type serine protease inhibitor long epsilon-dendrotoxin His55 OS=Dendroaspis angusticeps OX=8618 PE=1 SV=2
sp|C0HJU7|VKT2G_RADCR     -          pdb_kunitz_rp_formatted -              7e-28   92.5   3.4   7.3e-28   92.4   3.4   1.0   1   0   0   1   1   1   1 PI-stichotoxin-Hcr2g OS=Radianthus crispa OX=3122430 PE=1 SV=1
sp|C0HK72|3API_HETMG      -          pdb_kunitz_rp_formatted -              7e-28   92.5   3.4   7.3e-28   92.4   3.4   1.0   1   0   0   1   1   1   1 PI-stichotoxin-Hmg3a OS=Heteractis magnifica OX=38281 PE=1 SV=1
sp|F8J2F3|VKT28_DRYCN     -          pdb_kunitz_rp_formatted -            7.9e-28   92.3   5.7     9e-28   92.1   5.7   1.0   1   0   0   1   1   1   1 Kunitz-type serine protease inhibitor 28 OS=Drysdalia coronoides OX=66186 PE=1 SV=1
sp|P00985|VKT2_HEMHA      -          pdb_kunitz_rp_formatted -              8e-28   92.3   3.9   8.5e-28   92.2   3.9   1.0   1   0   0   1   1   1   1 Kunitz-type serine protease inhibitor 2 OS=Hemachatus haemachatus OX=8626 PE=1 SV=1
sp|P10280|VKT52_ANESU     -          pdb_kunitz_rp_formatted -            8.1e-28   92.2   6.5     9e-28   92.1   6.5   1.0   1   0   0   1   1   1   1 KappaPI-actitoxin-Avd3a OS=Anemonia sulcata OX=6108 PE=1 SV=2
sp|Q9TWG0|VKT1_ANESU      -          pdb_kunitz_rp_formatted -            8.6e-28   92.2   5.2   9.9e-28   92.0   5.2   1.0   1   0   0   1   1   1   1 KappaPI-actitoxin-Avd3b OS=Anemonia sulcata OX=6108 PE=1 SV=1
sp|B5L5R0|IVBI4_PSEPO     -          pdb_kunitz_rp_formatted -              1e-27   91.9   6.8   1.1e-27   91.8   6.8   1.0   1   0   0   1   1   1   1 Blackelin-4 OS=Pseudechis porphyriacus OX=8671 PE=3 SV=1
sp|B7S4N9|VKT_OXYSC       -          pdb_kunitz_rp_formatted -            1.1e-27   91.9   5.3   1.2e-27   91.7   5.3   1.0   1   0   0   1   1   1   1 Kunitz-type serine protease inhibitor taicotoxin OS=Oxyuranus scutellatus scutellatus OX=8667 PE=1 SV=1
sp|P0DN06|VKT1A_ANEVI     -          pdb_kunitz_rp_formatted -            1.4e-27   91.5   4.4   1.7e-27   91.2   4.4   1.1   1   0   0   1   1   1   1 U-actitoxin-Avd3f OS=Anemonia viridis OX=51769 PE=3 SV=1
sp|B5KF96|VKT2_CRYNI      -          pdb_kunitz_rp_formatted -            1.4e-27   91.4   6.2   1.6e-27   91.3   6.2   1.0   1   0   0   1   1   1   1 Kunitz-type serine protease inhibitor nigrescinin-2 OS=Cryptophis nigrescens OX=292442 PE=2 SV=1
sp|P0DN08|VKT53_ANEVI     -          pdb_kunitz_rp_formatted -            1.9e-27   91.1   6.5   2.3e-27   90.8   6.5   1.1   1   0   0   1   1   1   1 KappaPI-actitoxin-Avd3e OS=Anemonia viridis OX=51769 PE=3 SV=1
sp|Q2ES46|VKT5_DABRR      -          pdb_kunitz_rp_formatted -              2e-27   91.0   6.2   2.3e-27   90.8   6.2   1.1   1   0   0   1   1   1   1 Kunitz-type serine protease inhibitor 5 OS=Daboia russelii OX=8707 PE=2 SV=1
sp|C0HLA5|MAMB2_DENVI     -          pdb_kunitz_rp_formatted -            2.2e-27   90.9   9.2   2.4e-27   90.8   9.2   1.0   1   0   0   1   1   1   1 Mambaquaretin-2 OS=Dendroaspis viridis OX=8621 PE=1 SV=1
sp|B6RLX2|VKTCT_OPHHA     -          pdb_kunitz_rp_formatted -            2.4e-27   90.7   6.4   2.7e-27   90.6   6.4   1.0   1   0   0   1   1   1   1 Kunitz-type serine protease inhibitor TCI OS=Ophiophagus hannah OX=8665 PE=1 SV=1
sp|B5KF95|VKT1_CRYNI      -          pdb_kunitz_rp_formatted -            2.6e-27   90.6   7.6   2.9e-27   90.5   7.6   1.0   1   0   0   1   1   1   1 Kunitz-type serine protease inhibitor nigrescinin-1 OS=Cryptophis nigrescens OX=292442 PE=2 SV=1
sp|P0DN09|VKT5_ANEVI      -          pdb_kunitz_rp_formatted -            2.6e-27   90.6   6.6   3.2e-27   90.3   6.6   1.1   1   0   0   1   1   1   1 U-actitoxin-Avd3h OS=Anemonia viridis OX=51769 PE=3 SV=1
sp|P29216|A4_MACMU        -          pdb_kunitz_rp_formatted -            2.8e-27   90.5   5.9   3.3e-27   90.3   5.9   1.1   1   0   0   1   1   1   1 Amyloid-beta precursor protein (Fragment) OS=Macaca mulatta OX=9544 GN=APP PE=2 SV=1
sp|P00982|VKTHD_DENAN     -          pdb_kunitz_rp_formatted -            3.1e-27   90.4   6.7   3.2e-27   90.3   6.7   1.0   1   0   0   1   1   1   1 Kunitz-type serine protease inhibitor homolog delta-dendrotoxin OS=Dendroaspis angusticeps OX=8618 PE=1 SV=1
sp|B5KL40|VKT3_AUSSU      -          pdb_kunitz_rp_formatted -            3.6e-27   90.2   7.4   4.1e-27   90.0   7.4   1.0   1   0   0   1   1   1   1 Kunitz-type serine protease inhibitor superbin-3 OS=Austrelaps superbus OX=29156 PE=2 SV=1
sp|C0HJF4|VKT2C_RADCR     -          pdb_kunitz_rp_formatted -            3.7e-27   90.1   4.9   3.9e-27   90.1   4.9   1.0   1   0   0   1   1   1   1 TauPI-stichotoxin-Hcr2c OS=Radianthus crispa OX=3122430 PE=1 SV=1
sp|B5L5R7|VKT2_HOPST      -          pdb_kunitz_rp_formatted -            4.1e-27   90.0   8.2   4.6e-27   89.8   8.2   1.0   1   0   0   1   1   1   1 Kunitz-type serine protease inhibitor stephenin-2 OS=Hoplocephalus stephensii OX=196418 PE=3 SV=1
sp|P00986|VKT2_NAJNI      -          pdb_kunitz_rp_formatted -            4.9e-27   89.7   4.2   5.2e-27   89.7   4.2   1.0   1   0   0   1   1   1   1 Kunitz-type serine protease inhibitor 2 OS=Naja nivea OX=8655 PE=1 SV=1
sp|C0HJF3|VKT2D_RADCR     -          pdb_kunitz_rp_formatted -            5.6e-27   89.6   5.2   5.8e-27   89.5   5.2   1.0   1   0   0   1   1   1   1 TauPI-stichotoxin-Hcr2d OS=Radianthus crispa OX=3122430 PE=1 SV=1
sp|B5KL35|VKT4_CRYNI      -          pdb_kunitz_rp_formatted -            7.9e-27   89.1   6.4   8.9e-27   88.9   6.4   1.0   1   0   0   1   1   1   1 Kunitz-type serine protease inhibitor nigrescinin-4 OS=Cryptophis nigrescens OX=292442 PE=2 SV=1
sp|A0A6B7FA07|VKT2J_RADCR -          pdb_kunitz_rp_formatted -            8.7e-27   89.0   6.3   8.7e-27   89.0   6.3   1.7   1   1   1   2   2   1   1 PI-stichotoxin-Hcr2j (Fragment) OS=Radianthus crispa OX=3122430 GN=iq4c7 PE=1 SV=1
sp|B5L5M7|IVBI_AUSSU      -          pdb_kunitz_rp_formatted -            8.7e-27   88.9   9.2     1e-26   88.8   9.2   1.0   1   0   0   1   1   1   1 Kunitz/BPTI-like toxin OS=Austrelaps superbus OX=29156 PE=3 SV=1
sp|Q964Q0|IXOSP_IXOSC     -          pdb_kunitz_rp_formatted -            1.1e-26   88.7  13.3   8.4e-22   73.0   2.5   2.3   2   0   0   2   2   2   2 Ixolaris OS=Ixodes scapularis OX=6945 PE=1 SV=1
sp|P00981|VKTHK_DENPO     -          pdb_kunitz_rp_formatted -            1.1e-26   88.6   4.6   1.4e-26   88.3   4.6   1.0   1   0   0   1   1   1   1 Kunitz-type serine protease inhibitor homolog dendrotoxin K (Fragment) OS=Dendroaspis polylepis polylepis OX=8620 PE=1 SV=2
sp|C1IC52|VKT2_WALAE      -          pdb_kunitz_rp_formatted -            1.4e-26   88.3   5.0   1.6e-26   88.1   5.0   1.1   1   0   0   1   1   1   1 Kunitz-type serine protease inhibitor spermatin OS=Walterinnesia aegyptia OX=64182 PE=1 SV=1
sp|Q9TWF9|VKT2_ANESU      -          pdb_kunitz_rp_formatted -            1.6e-26   88.1   6.1   1.9e-26   87.9   6.1   1.0   1   0   0   1   1   1   1 KappaPI-actitoxin-Avd3c OS=Anemonia sulcata OX=6108 PE=1 SV=1
sp|P0DL86|VKT2H_RADCR     -          pdb_kunitz_rp_formatted -            1.7e-26   88.1   6.0   1.7e-26   88.0   6.0   1.0   1   0   0   1   1   1   1 PI-stichotoxin-Hcr2h OS=Radianthus crispa OX=3122430 PE=1 SV=1
sp|P00992|VKT3_VIPAA      -          pdb_kunitz_rp_formatted -            1.9e-26   87.9   7.3   2.2e-26   87.7   7.3   1.1   1   0   0   1   1   1   1 Kunitz-type serine protease inhibitor 3 OS=Vipera ammodytes ammodytes OX=8705 PE=1 SV=2
sp|F8J2F4|VKT16_DRYCN     -          pdb_kunitz_rp_formatted -            1.9e-26   87.9   6.4   2.2e-26   87.7   6.4   1.0   1   0   0   1   1   1   1 Kunitz-type serine protease inhibitor 161 OS=Drysdalia coronoides OX=66186 PE=1 SV=1
sp|A6MFL4|VKT4_DEMVE      -          pdb_kunitz_rp_formatted -            2.1e-26   87.7   7.5   2.3e-26   87.6   7.5   1.0   1   0   0   1   1   1   1 Kunitz-type serine protease inhibitor vestiginin-4 OS=Demansia vestigiata OX=412038 PE=2 SV=1
sp|P0DN13|VKT9_ANEVI      -          pdb_kunitz_rp_formatted -            2.1e-26   87.7   6.7   2.6e-26   87.4   6.7   1.1   1   0   0   1   1   1   1 U-actitoxin-Avd3l OS=Anemonia viridis OX=51769 PE=3 SV=1
sp|C1IC51|VKT3_WALAE      -          pdb_kunitz_rp_formatted -            2.3e-26   87.6   4.6   2.7e-26   87.4   4.6   1.1   1   0   0   1   1   1   1 Protease inhibitor 3 OS=Walterinnesia aegyptia OX=64182 PE=3 SV=1
sp|P00993|IBP_CARCR       -          pdb_kunitz_rp_formatted -            2.4e-26   87.6   5.0   2.4e-26   87.6   5.0   1.8   2   0   0   2   2   1   1 Chelonianin OS=Caretta caretta OX=8467 PE=1 SV=1
sp|B2G331|VKT2B_RADCR     -          pdb_kunitz_rp_formatted -            2.4e-26   87.6   4.9   2.9e-26   87.3   4.9   1.1   1   0   0   1   1   1   1 TauPI-stichotoxin-Hcr2b OS=Radianthus crispa OX=3122430 PE=1 SV=1
sp|P86862|VKT1_ANTEL      -          pdb_kunitz_rp_formatted -            2.6e-26   87.4   9.4   3.3e-26   87.1   9.4   1.0   1   0   0   1   1   1   1 KappaPI-actitoxin-Ael3a OS=Anthopleura elegantissima OX=6110 PE=1 SV=1
sp|E7FL11|VKT1_PSERS      -          pdb_kunitz_rp_formatted -            2.7e-26   87.4   6.4     3e-26   87.2   6.4   1.0   1   0   0   1   1   1   1 Kunitz serine protease inhibitor Pr-mulgin 1 OS=Pseudechis rossignolii OX=1489342 PE=1 SV=1
sp|Q6ITB3|VKT1_NOTSC      -          pdb_kunitz_rp_formatted -              3e-26   87.2   3.1   3.3e-26   87.1   3.1   1.0   1   0   0   1   1   1   1 Kunitz-type serine protease inhibitor tigerin-1 OS=Notechis scutatus scutatus OX=70142 PE=2 SV=1
sp|P0DV06|VKT2P_RADCR     -          pdb_kunitz_rp_formatted -            3.1e-26   87.2   4.0   3.3e-26   87.1   4.0   1.0   1   0   0   1   1   1   1 PI-stichotoxin-Hcr2p OS=Radianthus crispa OX=3122430 PE=3 SV=1
sp|P0DN10|VKT6_ANEVI      -          pdb_kunitz_rp_formatted -            3.2e-26   87.1   7.3   3.9e-26   86.9   7.3   1.1   1   0   0   1   1   1   1 U-actitoxin-Avd3i OS=Anemonia viridis OX=51769 PE=3 SV=1
sp|B5L5R1|IVBI5_PSEPO     -          pdb_kunitz_rp_formatted -            3.4e-26   87.1   6.5   3.8e-26   86.9   6.5   1.0   1   0   0   1   1   1   1 Blackelin-5 OS=Pseudechis porphyriacus OX=8671 PE=3 SV=1
sp|P0DN17|VKTD_ANEVI      -          pdb_kunitz_rp_formatted -            3.7e-26   86.9   6.9   4.6e-26   86.6   6.9   1.1   1   0   0   1   1   1   1 U-actitoxin-Avd3p OS=Anemonia viridis OX=51769 PE=3 SV=1
sp|P0DN19|VKTF_ANEVI      -          pdb_kunitz_rp_formatted -            3.7e-26   86.9   7.0   4.3e-26   86.7   7.0   1.1   1   0   0   1   1   1   1 U-actitoxin-Avd3r (Fragment) OS=Anemonia viridis OX=51769 PE=2 SV=1
sp|Q5IS80|A4_PANTR        -          pdb_kunitz_rp_formatted -            4.4e-26   86.7   5.1   8.2e-26   85.8   5.1   1.4   1   0   0   1   1   1   1 Amyloid-beta precursor protein OS=Pan troglodytes OX=9598 GN=APP PE=2 SV=1
sp|C0HLA9|MAMB6_DENVI     -          pdb_kunitz_rp_formatted -            4.8e-26   86.6   7.4   5.2e-26   86.5   7.4   1.0   1   0   0   1   1   1   1 Mambaquaretin-6 OS=Dendroaspis viridis OX=8621 PE=1 SV=1
sp|A6MFL3|VKT3_DEMVE      -          pdb_kunitz_rp_formatted -            4.9e-26   86.6   4.4   5.5e-26   86.4   4.4   1.0   1   0   0   1   1   1   1 Kunitz-type serine protease inhibitor vestiginin-3 OS=Demansia vestigiata OX=412038 PE=1 SV=1
sp|E7FL12|VKT2_PSERS      -          pdb_kunitz_rp_formatted -            6.1e-26   86.2   5.3   6.9e-26   86.1   5.3   1.0   1   0   0   1   1   1   1 Kunitz serine protease inhibitor Pr-mulgin 2 OS=Pseudechis rossignolii OX=1489342 PE=2 SV=1
sp|E7FL13|VKT3_PSERS      -          pdb_kunitz_rp_formatted -            6.8e-26   86.1   6.7   7.7e-26   85.9   6.7   1.0   1   0   0   1   1   1   1 Kunitz serine protease inhibitor Pr-mulgin 3 OS=Pseudechis rossignolii OX=1489342 PE=2 SV=1
sp|B5KL31|VKT3_PSEPO      -          pdb_kunitz_rp_formatted -            7.2e-26   86.0   5.8   8.1e-26   85.8   5.8   1.0   1   0   0   1   1   1   1 Kunitz-type serine protease inhibitor blackelin-3 OS=Pseudechis porphyriacus OX=8671 PE=2 SV=1
sp|P0DMJ4|VKTI3_ANTFU     -          pdb_kunitz_rp_formatted -            7.5e-26   86.0   5.6   7.9e-26   85.9   5.6   1.0   1   0   0   1   1   1   1 PI-actitoxin-Afv2b OS=Anthopleura fuscoviridis OX=6111 PE=1 SV=1
sp|B5KL34|VKT3_CRYNI      -          pdb_kunitz_rp_formatted -              8e-26   85.9   5.8     9e-26   85.7   5.8   1.0   1   0   0   1   1   1   1 Kunitz-type serine protease inhibitor nigrescinin-3 OS=Cryptophis nigrescens OX=292442 PE=2 SV=1
sp|Q6ITB8|VKT4_PSEAU      -          pdb_kunitz_rp_formatted -            8.8e-26   85.7   5.8   9.9e-26   85.6   5.8   1.0   1   0   0   1   1   1   1 Kunitz-type serine protease inhibitor mulgin-4 OS=Pseudechis australis OX=8670 PE=2 SV=1
sp|H2A0P0|KCP5_PINMG      -          pdb_kunitz_rp_formatted -            9.9e-26   85.6  29.2   1.3e-14   49.9   5.5   2.2   2   0   0   2   2   2   2 BPTI/Kunitz domain-containing protein 5 OS=Margaritifera margaritifera OX=102329 PE=1 SV=1
sp|Q8R0S6|WFKN1_MOUSE     -          pdb_kunitz_rp_formatted -            1.1e-25   85.4   3.2   5.7e-21   70.3   0.4   2.9   2   0   0   2   2   2   2 WAP, Kazal, immunoglobulin, Kunitz and NTR domain-containing protein 1 OS=Mus musculus OX=10090 GN=Wfikkn1 PE=2 SV=2
sp|Q60495|A4_CAVPO        -          pdb_kunitz_rp_formatted -            1.5e-25   85.0   5.1   3.1e-25   84.0   5.1   1.5   1   0   0   1   1   1   1 Amyloid-beta precursor protein OS=Cavia porcellus OX=10141 GN=APP PE=1 SV=2
sp|P25660|VKT9_BUNFA      -          pdb_kunitz_rp_formatted -            1.7e-25   84.8   8.1   1.9e-25   84.6   8.1   1.0   1   0   0   1   1   1   1 Kunitz-type serine protease inhibitor IX OS=Bungarus fasciatus OX=8613 PE=1 SV=1
sp|P0DN20|VKTG_ANEVI      -          pdb_kunitz_rp_formatted -            1.8e-25   84.7   6.2   2.1e-25   84.5   6.2   1.1   1   0   0   1   1   1   1 U-actitoxin-Avd3s (Fragment) OS=Anemonia viridis OX=51769 PE=2 SV=1
sp|Q8AY41|VKTC_BUNCA      -          pdb_kunitz_rp_formatted -            2.2e-25   84.5   5.8   2.5e-25   84.3   5.8   1.0   1   0   0   1   1   1   1 Kunitz-type serine protease inhibitor C OS=Bungarus candidus OX=92438 PE=2 SV=2
sp|P0DKL8|VKT_VIPRE       -          pdb_kunitz_rp_formatted -            2.8e-25   84.1   8.0   3.1e-25   84.0   8.0   1.0   1   0   0   1   1   1   1 Kunitz-type serine protease inhibitor Vur-KIn OS=Vipera renardi OX=927686 PE=1 SV=1
sp|A5X2X1|VKT_SISCA       -          pdb_kunitz_rp_formatted -            3.6e-25   83.8   9.0   3.6e-25   83.8   9.0   1.6   2   0   0   2   2   1   1 Fused toxin protein OS=Sistrurus catenatus edwardsii OX=8762 PE=2 SV=1
sp|B1B5I8|VKT3_STIHA      -          pdb_kunitz_rp_formatted -            3.7e-25   83.7   5.7     5e-25   83.3   5.7   1.1   1   0   0   1   1   1   1 KappaPI-stichotoxin-Shd2a OS=Stichodactyla haddoni OX=475174 PE=1 SV=1
sp|P00979|VKTH1_DENPO     -          pdb_kunitz_rp_formatted -              5e-25   83.3   6.7   5.7e-25   83.1   6.7   1.0   1   0   0   1   1   1   1 Kunitz-type serine protease inhibitor homolog dendrotoxin I OS=Dendroaspis polylepis polylepis OX=8620 PE=1 SV=2
sp|H6VC06|VKTK2_DABRR     -          pdb_kunitz_rp_formatted -            5.4e-25   83.2   6.4   6.1e-25   83.0   6.4   1.0   1   0   0   1   1   1   1 Kunitz-type serine protease inhibitor DrKIn-II OS=Daboia russelii OX=8707 PE=1 SV=1
sp|A8Y7N5|VKTC2_DABSI     -          pdb_kunitz_rp_formatted -            6.9e-25   82.9   6.2   7.8e-25   82.7   6.2   1.0   1   0   0   1   1   1   1 Kunitz-type serine protease inhibitor C2 OS=Daboia siamensis OX=343250 PE=2 SV=1
sp|B2KTG2|VKTH1_BUNFA     -          pdb_kunitz_rp_formatted -            7.6e-25   82.7   7.4   8.7e-25   82.5   7.4   1.0   1   0   0   1   1   1   1 Kunitz-type serine protease inhibitor homolog beta-bungarotoxin BF B1 chain OS=Bungarus fasciatus OX=8613 PE=2 SV=1
sp|F6ULY1|WFC6B_MOUSE     -          pdb_kunitz_rp_formatted -            8.1e-25   82.6   0.9   1.9e-24   81.4   0.9   1.6   1   0   0   1   1   1   1 WAP four-disulfide core domain protein 6B OS=Mus musculus OX=10090 GN=Wfdc6b PE=2 SV=1
sp|E5AJX3|VKT_VIPNI       -          pdb_kunitz_rp_formatted -            9.1e-25   82.5   9.2   1.1e-24   82.3   9.2   1.1   1   0   0   1   1   1   1 Kunitz-type serine protease inhibitor ki-VN OS=Vipera nikolskii OX=1808362 PE=2 SV=1
sp|B5KL41|VKT4_AUSSU      -          pdb_kunitz_rp_formatted -            1.1e-24   82.2   7.8   1.2e-24   82.1   7.8   1.0   1   0   0   1   1   1   1 Kunitz-type serine protease inhibitor superbin-4 OS=Austrelaps superbus OX=29156 PE=2 SV=1
sp|Q6ITB2|VKT2_NOTSC      -          pdb_kunitz_rp_formatted -            1.1e-24   82.2   1.8   1.3e-24   82.0   1.8   1.0   1   0   0   1   1   1   1 Kunitz-type serine protease inhibitor tigerin-2 OS=Notechis scutatus scutatus OX=70142 PE=2 SV=1
sp|Q29428|TKDP1_SHEEP     -          pdb_kunitz_rp_formatted -            1.5e-24   81.8   5.7   2.5e-24   81.1   5.7   1.4   1   0   0   1   1   1   1 Trophoblast Kunitz domain protein 1 OS=Ovis aries OX=9940 GN=TKDP1 PE=2 SV=1
sp|C8YJ95|KUN3_TABYA      -          pdb_kunitz_rp_formatted -            1.6e-24   81.7   8.4   1.8e-24   81.5   8.4   1.1   1   0   0   1   1   1   1 Tabkunin 2 OS=Tabanus yao OX=485572 PE=1 SV=1
sp|A7X3V4|VKT1_TELDH      -          pdb_kunitz_rp_formatted -            1.7e-24   81.6  10.7   1.9e-24   81.4  10.7   1.1   1   0   0   1   1   1   1 Kunitz-type serine protease inhibitor kunitoxin-Tel1 OS=Telescopus dhara OX=338837 PE=2 SV=1
sp|P0DMJ3|VKTI1_ANTFU     -          pdb_kunitz_rp_formatted -            2.5e-24   81.1   7.4   2.6e-24   81.0   7.4   1.0   1   0   0   1   1   1   1 PI-actitoxin-Afv2a OS=Anthopleura fuscoviridis OX=6111 PE=1 SV=1
sp|A8Y7P6|VKTB6_DABSI     -          pdb_kunitz_rp_formatted -            2.9e-24   80.9   8.9   3.3e-24   80.7   8.9   1.0   1   0   0   1   1   1   1 Kunitz-type serine protease inhibitor B6 OS=Daboia siamensis OX=343250 PE=2 SV=1
sp|C1IBY4|KUN1_TABYA      -          pdb_kunitz_rp_formatted -              3e-24   80.8   9.2   3.3e-24   80.7   9.2   1.1   1   0   0   1   1   1   1 Tabkunin 1 OS=Tabanus yao OX=485572 PE=3 SV=1
sp|P0DJ50|VKT31_OLIMR     -          pdb_kunitz_rp_formatted -            3.3e-24   80.7  10.5   4.1e-24   80.4  10.5   1.1   1   0   0   1   1   1   1 Kunitz-type serine protease inhibitor BmKTT-2 OS=Olivierus martensii OX=34649 PE=2 SV=2
sp|Q2ES48|VKT3_DABRR      -          pdb_kunitz_rp_formatted -            3.7e-24   80.5   7.3   4.2e-24   80.4   7.3   1.0   1   0   0   1   1   1   1 Kunitz-type serine protease inhibitor 3 OS=Daboia russelii OX=8707 PE=2 SV=1
sp|Q2ES50|VKT1_DABRR      -          pdb_kunitz_rp_formatted -            4.1e-24   80.4   8.5   4.7e-24   80.2   8.5   1.0   1   0   0   1   1   1   1 Kunitz-type serine protease inhibitor 1 OS=Daboia russelii OX=8707 PE=2 SV=1
sp|Q8AY42|VKTB_BUNCA      -          pdb_kunitz_rp_formatted -            4.8e-24   80.2   9.3   5.6e-24   80.0   9.3   1.1   1   0   0   1   1   1   1 Kunitz-type serine protease inhibitor B OS=Bungarus candidus OX=92438 PE=2 SV=2
sp|A8Y7P3|VKTB3_DABSI     -          pdb_kunitz_rp_formatted -            5.5e-24   80.0   6.8   6.2e-24   79.8   6.8   1.0   1   0   0   1   1   1   1 Kunitz-type serine protease inhibitor B3 OS=Daboia siamensis OX=343250 PE=2 SV=1
sp|Q90W96|VKT6_PSETT      -          pdb_kunitz_rp_formatted -            6.3e-24   79.8   5.3   7.2e-24   79.6   5.3   1.0   1   0   0   1   1   1   1 Kunitz-type serine protease inhibitor textilinin-6 OS=Pseudonaja textilis textilis OX=169397 PE=2 SV=1
sp|I2G9B4|VKT_MACLN       -          pdb_kunitz_rp_formatted -            6.5e-24   79.8  10.1   7.6e-24   79.5  10.1   1.1   1   0   0   1   1   1   1 Kunitz-type serine protease inhibitor PIVL OS=Macrovipera lebetina transmediterranea OX=384075 PE=1 SV=1
sp|B5M0W4|SV66_SIMVI      -          pdb_kunitz_rp_formatted -            7.2e-24   79.6   7.9     9e-24   79.3   7.9   1.1   1   0   0   1   1   1   1 Simukunin OS=Simulium vittatum OX=7192 PE=1 SV=1
sp|Q3UW55|WFC6A_MOUSE     -          pdb_kunitz_rp_formatted -            7.3e-24   79.6   0.4   1.8e-23   78.3   0.4   1.7   1   0   0   1   1   1   1 WAP four-disulfide core domain protein 6A OS=Mus musculus OX=10090 GN=Wfdc6a PE=2 SV=1
sp|A8Y7P2|VKTB2_DABSI     -          pdb_kunitz_rp_formatted -            1.3e-23   78.8   8.7   1.5e-23   78.6   8.7   1.0   1   0   0   1   1   1   1 Kunitz-type serine protease inhibitor B2 OS=Daboia siamensis OX=343250 PE=2 SV=1
sp|B5L5Q1|VKT7_PSETT      -          pdb_kunitz_rp_formatted -              3e-23   77.6   4.4   3.4e-23   77.4   4.4   1.0   1   0   0   1   1   1   1 Kunitz-type serine protease inhibitor textilinin-7 OS=Pseudonaja textilis textilis OX=169397 PE=3 SV=1
sp|B5KL28|VKT4_OXYMI      -          pdb_kunitz_rp_formatted -            3.8e-23   77.3   4.0   4.3e-23   77.1   4.0   1.0   1   0   0   1   1   1   1 Kunitz-type serine protease inhibitor microlepidin-4 OS=Oxyuranus microlepidotus OX=111177 PE=2 SV=1
sp|Q7T2Q6|VKTHB_BUNFL     -          pdb_kunitz_rp_formatted -            4.1e-23   77.2   9.3   4.7e-23   77.0   9.3   1.0   1   0   0   1   1   1   1 Kunitz-type serine protease inhibitor homolog beta-bungarotoxin B chain OS=Bungarus flaviceps flaviceps OX=8615 PE=1 SV=1
sp|H2A0N5|KCP3_PINMG      -          pdb_kunitz_rp_formatted -            4.6e-23   77.0  19.3   1.1e-12   43.8   4.7   2.2   2   0   0   2   2   2   2 BPTI/Kunitz domain-containing protein 3 OS=Margaritifera margaritifera OX=102329 PE=1 SV=1
sp|B5L5R6|IVBI3_HOPST     -          pdb_kunitz_rp_formatted -            1.1e-22   75.9   5.2   1.2e-22   75.7   5.2   1.1   1   0   0   1   1   1   1 Stephenin-3 OS=Hoplocephalus stephensii OX=196418 PE=3 SV=2
sp|C8YJ97|KUN5_TABYA      -          pdb_kunitz_rp_formatted -            1.1e-22   75.8   9.5   1.2e-22   75.6   9.5   1.1   1   0   0   1   1   1   1 Tabkunin 5 OS=Tabanus yao OX=485572 PE=3 SV=1
sp|P0DN15|VKTB_ANEVI      -          pdb_kunitz_rp_formatted -            1.2e-22   75.7  10.0   1.4e-22   75.5  10.0   1.1   1   0   0   1   1   1   1 U-actitoxin-Avd3n OS=Anemonia viridis OX=51769 PE=1 SV=1
sp|P0DJ45|VKT22_LYCMC     -          pdb_kunitz_rp_formatted -            1.2e-22   75.7   7.4   1.5e-22   75.4   7.4   1.1   1   0   0   1   1   1   1 Kunitz-type serine protease inhibitor LmKTT-1b OS=Lychas mucronatus OX=172552 PE=2 SV=1
sp|Q0PL65|VKTH7_BUNMU     -          pdb_kunitz_rp_formatted -            1.3e-22   75.6  11.1   1.4e-22   75.5  11.1   1.0   1   0   0   1   1   1   1 Kunitz-type serine protease inhibitor homolog beta-bungarotoxin B5-B chain OS=Bungarus multicinctus OX=8616 PE=2 SV=1
sp|Q90W97|VKT5_PSETT      -          pdb_kunitz_rp_formatted -            1.4e-22   75.5   4.6   1.6e-22   75.3   4.6   1.0   1   0   0   1   1   1   1 Kunitz-type serine protease inhibitor textilinin-5 OS=Pseudonaja textilis textilis OX=169397 PE=2 SV=1
sp|P82968|MCPI_MELCP      -          pdb_kunitz_rp_formatted -            1.4e-22   75.4   8.2   1.4e-22   75.4   8.2   2.3   2   0   0   2   2   1   1 Four-domain proteases inhibitor OS=Melithaea caledonica OX=156534 PE=1 SV=1
sp|Q9BDL1|EPPI_MACMU      -          pdb_kunitz_rp_formatted -            2.2e-22   74.8   8.1     5e-22   73.7   8.1   1.6   1   0   0   1   1   1   1 Eppin OS=Macaca mulatta OX=9544 GN=EPPIN PE=2 SV=1
sp|D8KY58|VKT_BOMTE       -          pdb_kunitz_rp_formatted -            2.2e-22   74.8   4.0   2.7e-22   74.6   4.0   1.1   1   0   0   1   1   1   1 Kunitz-type serine protease inhibitor Bt-KTI OS=Bombus terrestris OX=30195 PE=2 SV=1
sp|D2Y491|VKT1D_CONCL     -          pdb_kunitz_rp_formatted -            2.5e-22   74.7   4.7   2.7e-22   74.6   4.7   1.0   1   0   0   1   1   1   1 Kunitz-type serine protease inhibitor conotoxin Cal9.1d (Fragment) OS=Californiconus californicus OX=1736779 PE=2 SV=1
sp|Q9DA01|EPPI_MOUSE      -          pdb_kunitz_rp_formatted -              3e-22   74.4   9.3   7.2e-22   73.2   9.3   1.7   1   0   0   1   1   1   1 Eppin OS=Mus musculus OX=10090 GN=Eppin PE=1 SV=1
sp|P49223|SPIT3_HUMAN     -          pdb_kunitz_rp_formatted -            3.3e-22   74.3   9.3   4.5e-22   73.9   9.3   1.1   1   0   0   1   1   1   1 Kunitz-type protease inhibitor 3 OS=Homo sapiens OX=9606 GN=SPINT3 PE=1 SV=3
sp|P0DJ48|VKT23_LYCMC     -          pdb_kunitz_rp_formatted -            4.1e-22   74.0   7.9   4.5e-22   73.9   7.9   1.0   1   0   0   1   1   1   1 Kunitz-type serine protease inhibitor LmKTT-1c OS=Lychas mucronatus OX=172552 PE=2 SV=1
sp|P19859|VKTCI_NAJNA     -          pdb_kunitz_rp_formatted -            4.2e-22   74.0   9.5   4.4e-22   73.9   9.5   1.0   1   0   0   1   1   1   1 Kunitz-type serine protease inhibitor OS=Naja naja OX=35670 PE=1 SV=1
sp|P86959|KCP1_PINMA      -          pdb_kunitz_rp_formatted -            4.2e-22   73.9   9.5   7.5e-22   73.1   9.5   1.4   1   0   0   1   1   1   1 BPTI/Kunitz domain-containing protein 1 OS=Pinctada maxima OX=104660 PE=1 SV=1
sp|B5L5Q6|VKT5_OXYMI      -          pdb_kunitz_rp_formatted -            1.1e-21   72.6   2.0   1.3e-21   72.4   2.0   1.0   1   0   0   1   1   1   1 Kunitz-type serine protease inhibitor microlepidin-5 OS=Oxyuranus microlepidotus OX=111177 PE=3 SV=1
sp|P0DN16|VKTC_ANEVI      -          pdb_kunitz_rp_formatted -            1.4e-21   72.3  11.5   1.7e-21   72.0  11.5   1.1   1   0   0   1   1   1   1 U-actitoxin-Avd3o OS=Anemonia viridis OX=51769 PE=3 SV=1
sp|G3LH89|VKT_BOMIG       -          pdb_kunitz_rp_formatted -              2e-21   71.8   4.6   2.4e-21   71.5   4.6   1.1   1   0   0   1   1   1   1 Kunitz-type serine protease inhibitor Bi-KTI OS=Bombus ignitus OX=130704 PE=2 SV=1
sp|P26227|HTIB_MANSE      -          pdb_kunitz_rp_formatted -            3.3e-21   71.1   3.0   3.5e-21   71.0   3.0   1.0   1   0   0   1   1   1   1 Hemolymph trypsin inhibitor B (Fragment) OS=Manduca sexta OX=7130 PE=1 SV=1
sp|Q589G4|VKT19_ANOSM     -          pdb_kunitz_rp_formatted -            4.2e-21   70.7   2.4   4.7e-21   70.6   2.4   1.0   1   0   0   1   1   1   1 Kunitz-type serine protease inhibitor As-fr-19 OS=Anoplius samariensis OX=200614 PE=1 SV=1
sp|P0DJ76|VKT4_CYRSC      -          pdb_kunitz_rp_formatted -              9e-21   69.7   7.6   1.1e-20   69.4   7.6   1.1   1   0   0   1   1   1   1 Kunitz-type kappaPI-theraphotoxin-Hs1e OS=Cyriopagopus schmidti OX=29017 PE=3 SV=1
sp|P0DJ47|VKT12_OLIMR     -          pdb_kunitz_rp_formatted -            1.8e-20   68.7  11.3   2.1e-20   68.5  11.3   1.0   1   0   0   1   1   1   1 Kunitz-type serine protease inhibitor BmKTT-3 OS=Olivierus martensii OX=34649 PE=2 SV=1
sp|P11424|IMAP_DROFU      -          pdb_kunitz_rp_formatted -              4e-20   67.6   3.3   4.4e-20   67.5   3.3   1.1   1   0   0   1   1   1   1 Male accessory gland serine protease inhibitor OS=Drosophila funebris OX=7221 GN=PapD PE=1 SV=1
sp|Q9EPX2|PPN_MOUSE       -          pdb_kunitz_rp_formatted -            4.1e-20   67.6   5.4     2e-19   65.4   5.4   2.3   1   0   0   1   1   1   1 Papilin OS=Mus musculus OX=10090 GN=Papln PE=2 SV=2
sp|O95428|PPN_HUMAN       -          pdb_kunitz_rp_formatted -            4.3e-20   67.5   4.2     2e-19   65.4   4.2   2.2   1   0   0   1   1   1   1 Papilin OS=Homo sapiens OX=9606 GN=PAPLN PE=1 SV=4
sp|Q1RPS8|VKTH6_BUNMU     -          pdb_kunitz_rp_formatted -            4.8e-20   67.4  10.1   5.6e-20   67.1  10.1   1.1   1   0   0   1   1   1   1 Kunitz-type serine protease inhibitor homolog beta-bungarotoxin B6 chain OS=Bungarus multicinctus OX=8616 PE=3 SV=1
sp|H2A0N9|KCP4_PINMG      -          pdb_kunitz_rp_formatted -            5.8e-20   67.1  11.6   5.8e-20   67.1  11.6   2.3   2   0   0   2   2   1   1 BPTI/Kunitz domain-containing protein 4 OS=Margaritifera margaritifera OX=102329 PE=1 SV=1
sp|B5L5Q3|IVBS5_OXYSC     -          pdb_kunitz_rp_formatted -            6.3e-20   67.0   1.4   7.2e-20   66.8   1.4   1.0   1   0   0   1   1   1   1 Scutellin-5 OS=Oxyuranus scutellatus scutellatus OX=8667 PE=3 SV=1
sp|D2Y2Q9|VKTR1_CYRHA     -          pdb_kunitz_rp_formatted -            8.4e-20   66.6   6.7     1e-19   66.3   6.7   1.1   1   0   0   1   1   1   1 Kunitz-type U15-theraphotoxin-Hhn1r OS=Cyriopagopus hainanus OX=209901 PE=3 SV=1
sp|D2Y2G1|VKTJ1_CYRHA     -          pdb_kunitz_rp_formatted -            1.1e-19   66.2   5.9   1.3e-19   65.9   5.9   1.1   1   0   0   1   1   1   1 Kunitz-type U15-theraphotoxin-Hhn1j OS=Cyriopagopus hainanus OX=209901 PE=3 SV=1
sp|P0DJ84|VKT40_CYRSC     -          pdb_kunitz_rp_formatted -            1.1e-19   66.2   5.9   1.3e-19   65.9   5.9   1.1   1   0   0   1   1   1   1 Kunitz-type kappaPI-theraphotoxin-Hs1d OS=Cyriopagopus schmidti OX=29017 PE=3 SV=1
sp|P0DMJ1|VKT39_CYRSC     -          pdb_kunitz_rp_formatted -            1.2e-19   66.1   4.0   1.5e-19   65.8   4.0   1.1   1   0   0   1   1   1   1 Kunitz-type U15-theraphotoxin-Hs1g OS=Cyriopagopus schmidti OX=29017 PE=3 SV=1
sp|Q75S49|VKTH4_BUNCA     -          pdb_kunitz_rp_formatted -            1.6e-19   65.7   8.2   1.9e-19   65.5   8.2   1.1   1   0   0   1   1   1   1 Kunitz-type serine protease inhibitor homolog beta-bungarotoxin B4 chain (Fragment) OS=Bungarus candidus OX=92438 PE=2 SV=1
sp|P0DJ82|VKT27_CYRSC     -          pdb_kunitz_rp_formatted -              3e-19   64.8   9.4   3.7e-19   64.5   9.4   1.1   1   0   0   1   1   1   1 Kunitz-type kappaPI-theraphotoxin-Hs1c OS=Cyriopagopus schmidti OX=29017 PE=3 SV=1
sp|Q9W728|VKTH3_BUNMU     -          pdb_kunitz_rp_formatted -            4.8e-19   64.2   9.0   5.7e-19   63.9   9.0   1.1   1   0   0   1   1   1   1 Kunitz-type serine protease inhibitor homolog beta-bungarotoxin B3 chain OS=Bungarus multicinctus OX=8616 PE=2 SV=1
sp|P00987|VKTH1_BUNMU     -          pdb_kunitz_rp_formatted -            7.3e-19   63.6   8.6   8.6e-19   63.3   8.6   1.1   1   0   0   1   1   1   1 Kunitz-type serine protease inhibitor homolog beta-bungarotoxin B1 chain, major component OS=Bungarus multicinctus OX=8616 PE=1 SV=2
sp|P0DJ79|VKT13_CYRSC     -          pdb_kunitz_rp_formatted -            3.5e-18   61.4   2.7   4.3e-18   61.1   2.7   1.1   1   0   0   1   1   1   1 Kunitz-type U15-theraphotoxin-Hs1d OS=Cyriopagopus schmidti OX=29017 PE=3 SV=1
sp|P0DJ75|VKT2_CYRSC      -          pdb_kunitz_rp_formatted -            4.2e-18   61.1   3.0   5.1e-18   60.9   3.0   1.1   1   0   0   1   1   1   1 Kunitz-type U15-theraphotoxin-Hs1a OS=Cyriopagopus schmidti OX=29017 PE=3 SV=1
sp|P0DJ78|VKT6_CYRSC      -          pdb_kunitz_rp_formatted -            4.2e-18   61.1   3.0   5.1e-18   60.9   3.0   1.1   1   0   0   1   1   1   1 Kunitz-type U15-theraphotoxin-Hs1a OS=Cyriopagopus schmidti OX=29017 PE=3 SV=1
sp|Q02388|CO7A1_HUMAN     -          pdb_kunitz_rp_formatted -              7e-18   60.4   1.2   1.1e-17   59.8   1.2   1.3   1   0   0   1   1   1   1 Collagen alpha-1(VII) chain OS=Homo sapiens OX=9606 GN=COL7A1 PE=1 SV=2
sp|D2Y2C2|VKTA1_CYRHA     -          pdb_kunitz_rp_formatted -            7.5e-18   60.3   3.3   9.1e-18   60.1   3.3   1.1   1   0   0   1   1   1   1 Kunitz-type U15-theraphotoxin-Hhn1a OS=Cyriopagopus hainanus OX=209901 PE=3 SV=1
sp|P0DJ70|VKT53_CYRHA     -          pdb_kunitz_rp_formatted -            7.5e-18   60.3   3.3   9.1e-18   60.1   3.3   1.1   1   0   0   1   1   1   1 Kunitz-type U15-theraphotoxin-Hhn1a OS=Cyriopagopus hainanus OX=209901 PE=3 SV=1
sp|Q8MVC4|TFPIL_IXOSC     -          pdb_kunitz_rp_formatted -            9.1e-18   60.1  36.9   1.7e-07   27.2   0.9   6.2   4   1   2   6   6   5   3 Penthalaris OS=Ixodes scapularis OX=6945 PE=1 SV=1
sp|D2Y2F8|VKTG1_CYRHA     -          pdb_kunitz_rp_formatted -            9.8e-18   60.0   3.2   1.2e-17   59.7   3.2   1.1   1   0   0   1   1   1   1 Kunitz-type U15-theraphotoxin-Hhn1g OS=Cyriopagopus hainanus OX=209901 PE=3 SV=1
sp|P0DJ69|VKT52_CYRHA     -          pdb_kunitz_rp_formatted -            1.1e-17   59.8   4.6   1.4e-17   59.4   4.6   1.1   1   0   0   1   1   1   1 Kunitz-type serine protease inhibitor HNTX-852 (Fragment) OS=Cyriopagopus hainanus OX=209901 PE=2 SV=1
sp|P0DJ74|VKT76_CYRHA     -          pdb_kunitz_rp_formatted -            1.1e-17   59.8   4.6   1.4e-17   59.4   4.6   1.1   1   0   0   1   1   1   1 Kunitz-type serine protease inhibitor HNTX-0109076 (Fragment) OS=Cyriopagopus hainanus OX=209901 PE=2 SV=1
sp|C0HLB0|MAMB9_DENVI     -          pdb_kunitz_rp_formatted -            2.2e-17   58.8   9.3   2.4e-17   58.7   9.3   1.0   1   0   0   1   1   1   1 Mambaquaretin-9 OS=Dendroaspis viridis OX=8621 PE=1 SV=1
sp|D2Y2F3|VKT2_CYRHA      -          pdb_kunitz_rp_formatted -            3.7e-17   58.1   3.1   4.5e-17   57.8   3.1   1.1   1   0   0   1   1   1   1 Kunitz-type U15-theraphotoxin-Hhn1b OS=Cyriopagopus hainanus OX=209901 PE=3 SV=1
sp|P0DJ64|VKT31_CYRHA     -          pdb_kunitz_rp_formatted -            3.7e-17   58.1   3.1   4.5e-17   57.8   3.1   1.1   1   0   0   1   1   1   1 U15-Kunitz-type theraphotoxin-Hhn1b OS=Cyriopagopus hainanus OX=209901 PE=3 SV=1
sp|Q6UDR6|SPIT4_HUMAN     -          pdb_kunitz_rp_formatted -            1.5e-16   56.1   4.8   2.1e-16   55.7   4.8   1.2   1   0   0   1   1   1   1 Kunitz-type protease inhibitor 4 OS=Homo sapiens OX=9606 GN=SPINT4 PE=1 SV=1
sp|P0DJ81|VKT24_CYRSC     -          pdb_kunitz_rp_formatted -            7.8e-16   53.9   1.5   9.5e-16   53.6   1.5   1.1   1   0   0   1   1   1   1 Kunitz-type U15-theraphotoxin-Hs1e OS=Cyriopagopus schmidti OX=29017 PE=3 SV=1
sp|D2Y2G0|VKTI1_CYRHA     -          pdb_kunitz_rp_formatted -            1.5e-15   53.0   3.5   1.8e-15   52.7   3.5   1.1   1   0   0   1   1   1   1 Kunitz-type U15-theraphotoxin-Hhn1i OS=Cyriopagopus hainanus OX=209901 PE=3 SV=1
sp|Q7Z1K3|ANIS1_ANISI     -          pdb_kunitz_rp_formatted -            4.7e-13   45.0   3.8   1.2e-12   43.7   3.3   2.1   1   1   0   1   1   1   1 Major allergen Ani s 1 OS=Anisakis simplex OX=6269 PE=1 SV=1
sp|Q09JW6|KUNI_ARGMO      -          pdb_kunitz_rp_formatted -            5.3e-13   44.8  12.8   5.3e-11   38.4   3.8   3.1   3   0   0   3   3   3   2 Monobin OS=Argas monolakensis OX=34602 GN=AM-28 PE=1 SV=1
sp|P0CAR0|VKTG1_MICPY     -          pdb_kunitz_rp_formatted -            1.1e-11   40.6   1.1   1.1e-11   40.6   1.1   1.0   1   0   0   1   1   1   1 Kunitz-type serine protease inhibitor G1 (Fragment) OS=Micrurus pyrrhocryptus OX=129468 PE=1 SV=1
sp|D9IFL3|KUN1_RHIHE      -          pdb_kunitz_rp_formatted -            2.5e-11   39.4   4.2   4.4e-11   38.6   4.2   1.4   1   0   0   1   1   1   1 Anticoagulant protein rhipilin-1 OS=Rhipicephalus haemaphysaloides OX=237073 PE=2 SV=1
sp|Q9BQY6|WFDC6_HUMAN     -          pdb_kunitz_rp_formatted -            1.5e-10   36.9   2.5   1.5e-10   36.9   2.5   1.7   2   0   0   2   2   1   1 WAP four-disulfide core domain protein 6 OS=Homo sapiens OX=9606 GN=WFDC6 PE=1 SV=1
sp|P86963|KCP2_PINMA      -          pdb_kunitz_rp_formatted -            4.9e-07   25.7  14.0     3e-06   23.2   9.9   3.6   2   1   1   3   3   2   1 BPTI/Kunitz domain-containing protein 2 OS=Pinctada maxima OX=104660 PE=1 SV=1
sp|A0A1Q1NL17|HA11_HYAAI  -          pdb_kunitz_rp_formatted -            0.00016   17.7   5.3   0.00043   16.3   5.3   1.6   1   1   0   1   1   1   1 Kunitz-type anticoagulant protein HA11 OS=Hyalomma asiaticum OX=266040 GN=HA11 PE=2 SV=1
sp|Q8WPG5|KUNI_ORNKA      -          pdb_kunitz_rp_formatted -            0.00025   17.0   4.3     0.002   14.1   0.6   2.4   2   0   0   2   2   2   1 Thrombin inhibitor savignin OS=Ornithodoros kalahariensis OX=1580572 PE=1 SV=1
#
# Program:         hmmsearch
# Version:         3.3.2 (Nov 2020)
# Pipeline mode:   SEARCH
# Query file:      models/structural_model.hmm
# Target file:     data/pos_2.fasta
# Option settings: hmmsearch --tblout data/pos_2.out --max -Z 1000 models/structural_model.hmm data/pos_2.fasta 
# Current dir:     /home/martina_caste/Kunitz_HMM_project
# Date:            Wed May  7 16:31:31 2025
# [ok]
