#                                                                       --- full sequence ---- --- best 1 domain ---- --- domain number estimation ----
# target name             accession  query name              accession    E-value  score  bias   E-value  score  bias   exp reg clu  ov env dom rep inc description of target
#     ------------------- ----------    -------------------- ---------- --------- ------ ----- --------- ------ -----   --- --- --- --- --- --- --- --- ---------------------
sp|Q868Z9|PPN_DROME       -          pdb_kunitz_rp_formatted -             2e-199  641.8 179.4     5e-20   67.3   6.1  13.9  13   1   1  14  14  12  12 Papilin OS=Drosophila melanogaster OX=7227 GN=Ppn PE=1 SV=2
sp|O76840|PPN1_CAEEL      -          pdb_kunitz_rp_formatted -           7.4e-183  588.8 146.0   2.8e-20   68.1   4.9  13.2  12   1   1  13  13  11  11 Papilin OS=Caenorhabditis elegans OX=6239 GN=mig-6 PE=1 SV=1
sp|A0A6P8HC43|ATPI1_ACTTE -          pdb_kunitz_rp_formatted -            1.3e-97  315.7  64.8   1.1e-26   88.6   9.9   4.1   4   0   0   4   4   4   4 Actinia tenebrosa protease inhibitors OS=Actinia tenebrosa OX=6105 PE=1 SV=1
sp|Q02445|TFPI1_RAT       -          pdb_kunitz_rp_formatted -            2.8e-71  231.4  41.2   1.4e-25   85.0  10.5   3.2   3   0   0   3   3   3   3 Tissue factor pathway inhibitor OS=Rattus norvegicus OX=10116 GN=Tfpi PE=2 SV=1
sp|P19761|TFPI1_RABIT     -          pdb_kunitz_rp_formatted -            1.2e-67  219.8  37.5   8.6e-26   85.8   5.9   3.2   3   0   0   3   3   3   3 Tissue factor pathway inhibitor OS=Oryctolagus cuniculus OX=9986 GN=TFPI PE=2 SV=2
sp|C0HMC7|KUN_HAEDO       -          pdb_kunitz_rp_formatted -            3.4e-45  147.9  25.4   6.8e-27   89.3   7.5   2.1   2   0   0   2   2   2   2 Doenitin-1 OS=Haemaphysalis doenitzi OX=1048531 PE=2 SV=1
sp|Q9WU03|SPIT2_MOUSE     -          pdb_kunitz_rp_formatted -            5.7e-45  147.2  17.4   7.8e-25   82.7   2.6   2.2   2   0   0   2   2   2   2 Kunitz-type protease inhibitor 2 OS=Mus musculus OX=10090 GN=Spint2 PE=1 SV=1
sp|P04365|IATR_HORSE      -          pdb_kunitz_rp_formatted -            2.2e-43  142.1  19.0     9e-23   76.1   5.7   2.0   1   1   1   2   2   2   2 Inter-alpha-trypsin inhibitor (Fragment) OS=Equus caballus OX=9796 PE=1 SV=2
sp|Q5VJG2|KUNI_AMBHE      -          pdb_kunitz_rp_formatted -            1.1e-42  139.9  23.7     3e-23   77.6   7.0   2.3   2   0   0   2   2   2   2 Amblin OS=Amblyomma hebraeum OX=34608 PE=1 SV=1
sp|P00978|AMBP_BOVIN      -          pdb_kunitz_rp_formatted -            1.2e-40  133.3  20.2     3e-21   71.2   6.3   2.4   1   1   1   2   2   2   2 Protein AMBP OS=Bos taurus OX=9913 GN=AMBP PE=1 SV=2
sp|P62756|IATR_CAPHI      -          pdb_kunitz_rp_formatted -            2.2e-40  132.5  22.1   6.7e-22   73.3   5.0   2.0   1   1   1   2   2   2   2 Inter-alpha-trypsin inhibitor (Fragment) OS=Capra hircus OX=9925 PE=1 SV=1
sp|Q62577|AMBP_MERUN      -          pdb_kunitz_rp_formatted -            9.1e-40  130.5  20.1   1.4e-21   72.2   7.0   2.3   1   1   1   2   2   2   2 Protein AMBP OS=Meriones unguiculatus OX=10047 GN=AMBP PE=2 SV=1
sp|B2BS84|VKT_AUSLA       -          pdb_kunitz_rp_formatted -            1.5e-39  129.8  19.1   1.3e-20   69.1   5.4   2.2   2   0   0   2   2   2   2 Putative Kunitz-type serine protease inhibitor OS=Austrelaps labialis OX=471292 PE=2 SV=1
sp|Q64240|AMBP_RAT        -          pdb_kunitz_rp_formatted -            1.1e-38  127.0  23.2   4.9e-21   70.5   6.5   2.3   1   1   1   2   2   2   2 Protein AMBP OS=Rattus norvegicus OX=10116 GN=Ambp PE=1 SV=1
sp|Q90WA0|VKT2_PSETT      -          pdb_kunitz_rp_formatted -            2.9e-29   96.9   3.2   3.3e-29   96.7   3.2   1.0   1   0   0   1   1   1   1 Kunitz-type serine protease inhibitor textilinin-2 OS=Pseudonaja textilis textilis OX=169397 PE=1 SV=1
sp|P0DMW6|VKT3A_ACTEQ     -          pdb_kunitz_rp_formatted -            2.1e-28   94.1   9.9   2.2e-28   94.0   9.9   1.0   1   0   0   1   1   1   1 PI-actitoxin-Aeq3a OS=Actinia equina OX=6106 PE=1 SV=1
sp|Q6T6T5|VKT1_BITGA      -          pdb_kunitz_rp_formatted -            2.5e-28   93.9   8.8     3e-28   93.6   8.8   1.1   1   0   0   1   1   1   1 Kunitz-type serine protease inhibitor bitisilin-1 OS=Bitis gabonica OX=8694 PE=1 SV=1
sp|Q7LZS8|VKTRE_DENAN     -          pdb_kunitz_rp_formatted -            2.6e-28   93.8   6.0   2.7e-28   93.8   6.0   1.0   1   0   0   1   1   1   1 Kunitz-type serine protease inhibitor long epsilon-dendrotoxin Arg55 OS=Dendroaspis angusticeps OX=8618 PE=1 SV=1
sp|C0HK74|3CPI_HETMG      -          pdb_kunitz_rp_formatted -              4e-28   93.2   3.9   4.3e-28   93.1   3.9   1.0   1   0   0   1   1   1   1 PI-stichotoxin-Hmg3c OS=Heteractis magnifica OX=38281 PE=1 SV=1
sp|B5KL39|VKT2_AUSSU      -          pdb_kunitz_rp_formatted -              5e-28   92.9   5.2   5.6e-28   92.8   5.2   1.0   1   0   0   1   1   1   1 Kunitz-type serine protease inhibitor superbin-2 OS=Austrelaps superbus OX=29156 PE=2 SV=1
sp|Q96NZ8|WFKN1_HUMAN     -          pdb_kunitz_rp_formatted -            6.3e-28   92.6   3.9   9.1e-21   69.7   0.4   2.8   2   0   0   2   2   2   2 WAP, Kazal, immunoglobulin, Kunitz and NTR domain-containing protein 1 OS=Homo sapiens OX=9606 GN=WFIKKN1 PE=1 SV=1
sp|Q90W98|VKT4_PSETT      -          pdb_kunitz_rp_formatted -            6.6e-28   92.5   6.7   7.5e-28   92.4   6.7   1.0   1   0   0   1   1   1   1 Kunitz-type serine protease inhibitor textilinin-4 OS=Pseudonaja textilis textilis OX=169397 PE=2 SV=1
sp|P0DMJ5|VKT2E_RADCR     -          pdb_kunitz_rp_formatted -            7.7e-28   92.3   3.9   9.3e-28   92.1   3.9   1.1   1   0   0   1   1   1   1 PI-stichotoxin-Hcr2e OS=Radianthus crispa OX=3122430 PE=1 SV=1
sp|P0DV04|VKT2N_RADCR     -          pdb_kunitz_rp_formatted -            9.4e-28   92.0   4.9   9.9e-28   92.0   4.9   1.0   1   0   0   1   1   1   1 PI-stichotoxin-Hcr2n OS=Radianthus crispa OX=3122430 PE=3 SV=1
sp|B5G6G6|VKT2_PSEPO      -          pdb_kunitz_rp_formatted -              1e-27   91.9   6.8   1.1e-27   91.8   6.8   1.0   1   0   0   1   1   1   1 Kunitz-type serine protease inhibitor blackelin-2 OS=Pseudechis porphyriacus OX=8671 PE=2 SV=1
sp|Q6ITB0|VKT1_TROCA      -          pdb_kunitz_rp_formatted -            1.1e-27   91.9   6.5   1.2e-27   91.7   6.5   1.0   1   0   0   1   1   1   1 Kunitz-type serine protease inhibitor carinatin-1 OS=Tropidechis carinatus OX=100989 PE=2 SV=1
sp|Q6ITB1|VKT_PSEPO       -          pdb_kunitz_rp_formatted -            1.1e-27   91.9   6.5   1.2e-27   91.7   6.5   1.0   1   0   0   1   1   1   1 Kunitz-type serine protease inhibitor blackelin OS=Pseudechis porphyriacus OX=8671 PE=2 SV=1
sp|Q2ES47|VKT4_DABRR      -          pdb_kunitz_rp_formatted -            1.1e-27   91.8   6.2   1.3e-27   91.6   6.2   1.0   1   0   0   1   1   1   1 Kunitz-type serine protease inhibitor 4 OS=Daboia russelii OX=8707 PE=2 SV=1
sp|C0HLA7|MAMB4_DENVI     -          pdb_kunitz_rp_formatted -            1.8e-27   91.1   8.8     2e-27   91.0   8.8   1.0   1   0   0   1   1   1   1 Mambaquaretin-4 OS=Dendroaspis viridis OX=8621 PE=1 SV=1
sp|C0HLB2|VKT_PSEPC       -          pdb_kunitz_rp_formatted -            1.9e-27   91.1   6.8   2.1e-27   90.9   6.8   1.0   1   0   0   1   1   1   1 Kunitz-type serine protease inhibitor PPTI OS=Pseudocerastes persicus OX=47769 PE=1 SV=1
sp|C1IC50|VKT1_WALAE      -          pdb_kunitz_rp_formatted -            2.3e-27   90.8   5.1   2.5e-27   90.7   5.1   1.0   1   0   0   1   1   1   1 Protease inhibitor 1 OS=Walterinnesia aegyptia OX=64182 PE=1 SV=1
sp|C0HK73|3BPI_HETMG      -          pdb_kunitz_rp_formatted -            2.4e-27   90.7   2.6   2.6e-27   90.6   2.6   1.0   1   0   0   1   1   1   1 PI-stichotoxin-Hmg3b OS=Heteractis magnifica OX=38281 PE=1 SV=1
sp|F8J2F5|VKT87_DRYCN     -          pdb_kunitz_rp_formatted -            2.5e-27   90.7   6.1   2.8e-27   90.5   6.1   1.0   1   0   0   1   1   1   1 Kunitz-type serine protease inhibitor 87 OS=Drysdalia coronoides OX=66186 PE=1 SV=1
sp|B5KL36|VKT5_CRYNI      -          pdb_kunitz_rp_formatted -            2.6e-27   90.6   7.6   2.9e-27   90.5   7.6   1.0   1   0   0   1   1   1   1 Kunitz-type serine protease inhibitor nigrescinin-5 OS=Cryptophis nigrescens OX=292442 PE=2 SV=1
sp|Q90W99|VKT3_PSETT      -          pdb_kunitz_rp_formatted -            3.1e-27   90.4   7.9   3.5e-27   90.2   7.9   1.0   1   0   0   1   1   1   1 Kunitz-type serine protease inhibitor textilinin-3 OS=Pseudonaja textilis textilis OX=169397 PE=2 SV=1
sp|P0DN11|VKT7_ANEVI      -          pdb_kunitz_rp_formatted -            3.1e-27   90.4   5.4   3.8e-27   90.1   5.4   1.1   1   0   0   1   1   1   1 U-actitoxin-Avd3j OS=Anemonia viridis OX=51769 PE=3 SV=1
sp|P81129|VKT2_STIHL      -          pdb_kunitz_rp_formatted -            3.2e-27   90.3   8.2   3.4e-27   90.2   8.2   1.0   1   0   0   1   1   1   1 PI-stichotoxin-She2b OS=Stichodactyla helianthus OX=6123 PE=1 SV=1
sp|P0DV03|VKT2M_RADCR     -          pdb_kunitz_rp_formatted -            3.3e-27   90.3   3.3   3.5e-27   90.2   3.3   1.0   1   0   0   1   1   1   1 PI-stichotoxin-Hcr2m OS=Radianthus crispa OX=3122430 PE=3 SV=1
sp|C0HLA6|MAMB3_DENPO     -          pdb_kunitz_rp_formatted -            4.1e-27   90.0   9.8   4.4e-27   89.9   9.8   1.0   1   0   0   1   1   1   1 Mambaquaretin-3 OS=Dendroaspis polylepis polylepis OX=8620 PE=1 SV=1
sp|B5KL37|VKT6_CRYNI      -          pdb_kunitz_rp_formatted -            5.4e-27   89.6   7.1   6.1e-27   89.4   7.1   1.0   1   0   0   1   1   1   1 Kunitz-type serine protease inhibitor nigrescinin-6 OS=Cryptophis nigrescens OX=292442 PE=2 SV=1
sp|Q6ITC0|VKT2_PSEAU      -          pdb_kunitz_rp_formatted -            5.5e-27   89.6   5.2   6.3e-27   89.4   5.2   1.0   1   0   0   1   1   1   1 Kunitz-type serine protease inhibitor mulgin-2 OS=Pseudechis australis OX=8670 PE=2 SV=1
sp|A0A1Z0YU59|MAMB1_DENAN -          pdb_kunitz_rp_formatted -            7.6e-27   89.1   9.7   8.1e-27   89.0   9.7   1.0   1   0   0   1   1   1   1 Mambaquaretin-1 OS=Dendroaspis angusticeps OX=8618 PE=1 SV=2
sp|C0HLA8|MAMB5_DENJA     -          pdb_kunitz_rp_formatted -            8.3e-27   89.0   8.6   8.9e-27   88.9   8.6   1.0   1   0   0   1   1   1   1 Mambaquaretin-5 OS=Dendroaspis jamesoni kaimosae OX=8619 PE=1 SV=1
sp|Q9TWF8|VKT3_ANESU      -          pdb_kunitz_rp_formatted -            1.1e-26   88.7   6.4   1.2e-26   88.6   6.4   1.0   1   0   0   1   1   1   1 KappaPI-actitoxin-Avd3d OS=Anemonia sulcata OX=6108 PE=1 SV=1
sp|P0DN12|VKT8_ANEVI      -          pdb_kunitz_rp_formatted -            1.1e-26   88.6   5.5   1.4e-26   88.3   5.5   1.1   1   0   0   1   1   1   1 U-actitoxin-Avd3k OS=Anemonia viridis OX=51769 PE=3 SV=1
sp|A0A6B7FEJ3|VKT2K_RADCR -          pdb_kunitz_rp_formatted -            1.3e-26   88.4   6.4   1.3e-26   88.4   6.4   1.7   1   1   1   2   2   1   1 PI-stichotoxin-Hcr2k (Fragment) OS=Radianthus crispa OX=3122430 GN=iq1c9 PE=1 SV=1
sp|A8Y7N9|VKTC6_DABSI     -          pdb_kunitz_rp_formatted -            1.6e-26   88.1   8.8   1.9e-26   87.9   8.8   1.1   1   0   0   1   1   1   1 Kunitz-type serine protease inhibitor C6 OS=Daboia siamensis OX=343250 PE=2 SV=1
sp|A0A6B7FBD3|VKT2I_RADCR -          pdb_kunitz_rp_formatted -            1.6e-26   88.1   6.4   1.6e-26   88.1   6.4   1.9   1   1   1   2   2   1   1 PI-stichotoxin-Hcr2i OS=Radianthus crispa OX=3122430 GN=iq2c1 PE=1 SV=1
sp|Q8T3S7|VKT1_ARAVE      -          pdb_kunitz_rp_formatted -            1.7e-26   88.0   5.8     2e-26   87.8   5.8   1.1   1   0   0   1   1   1   1 Kunitz-type U1-aranetoxin-Av1a OS=Araneus ventricosus OX=182803 PE=3 SV=1
sp|P00994|ISIK_HELPO      -          pdb_kunitz_rp_formatted -            1.9e-26   87.8   9.5   2.1e-26   87.7   9.5   1.0   1   0   0   1   1   1   1 Isoinhibitor K OS=Helix pomatia OX=6536 PE=1 SV=1
sp|P00991|VKT1_VIPAA      -          pdb_kunitz_rp_formatted -              2e-26   87.8   8.0   2.3e-26   87.6   8.0   1.1   1   0   0   1   1   1   1 Kunitz-type serine protease inhibitor 1 OS=Vipera ammodytes ammodytes OX=8705 PE=1 SV=2
sp|B5L5R4|IVBI4_NOTSC     -          pdb_kunitz_rp_formatted -              2e-26   87.8   4.5   2.2e-26   87.6   4.5   1.0   1   0   0   1   1   1   1 Tigerin-4 OS=Notechis scutatus scutatus OX=70142 PE=3 SV=1
sp|Q6T6S5|VKT2_BITGA      -          pdb_kunitz_rp_formatted -            2.3e-26   87.6  11.6   2.7e-26   87.4  11.6   1.1   1   0   0   1   1   1   1 Kunitz-type serine protease inhibitor bitisilin-2 OS=Bitis gabonica OX=8694 PE=1 SV=1
sp|A6MGY1|VKT7_DEMVE      -          pdb_kunitz_rp_formatted -            2.6e-26   87.4   5.4     3e-26   87.2   5.4   1.0   1   0   0   1   1   1   1 Kunitz-type serine protease inhibitor vestiginin-7 OS=Demansia vestigiata OX=412038 PE=1 SV=1
sp|B5KL38|VKT1_AUSSU      -          pdb_kunitz_rp_formatted -            2.8e-26   87.3   5.5   3.2e-26   87.1   5.5   1.0   1   0   0   1   1   1   1 Kunitz-type serine protease inhibitor superbin-1 OS=Austrelaps superbus OX=29156 PE=2 SV=1
sp|B5KL33|VKT2_TROCA      -          pdb_kunitz_rp_formatted -              3e-26   87.2   3.1   3.3e-26   87.1   3.1   1.0   1   0   0   1   1   1   1 Kunitz-type serine protease inhibitor carinatin-2 OS=Tropidechis carinatus OX=100989 PE=2 SV=1
sp|P81902|CSTI_BOMMO      -          pdb_kunitz_rp_formatted -            3.5e-26   87.0   2.7   3.7e-26   86.9   2.7   1.0   1   0   0   1   1   1   1 Trypsin inhibitor OS=Bombyx mori OX=7091 PE=1 SV=1
sp|A6MFL1|VKT1_DEMVE      -          pdb_kunitz_rp_formatted -            3.6e-26   87.0   5.8   4.1e-26   86.8   5.8   1.0   1   0   0   1   1   1   1 Kunitz-type serine protease inhibitor vestiginin-1 OS=Demansia vestigiata OX=412038 PE=2 SV=1
sp|P79307|A4_PIG          -          pdb_kunitz_rp_formatted -              4e-26   86.8   5.1   8.2e-26   85.8   5.1   1.5   1   0   0   1   1   1   1 Amyloid-beta precursor protein OS=Sus scrofa OX=9823 GN=APP PE=2 SV=2
sp|Q6ITC1|VKTH1_PSEAU     -          pdb_kunitz_rp_formatted -            4.2e-26   86.8   6.1   4.7e-26   86.6   6.1   1.0   1   0   0   1   1   1   1 Kunitz-type serine protease inhibitor homolog mulgin-1 OS=Pseudechis australis OX=8670 PE=2 SV=1
sp|P81547|VKT1_ANTAF      -          pdb_kunitz_rp_formatted -            4.4e-26   86.7   7.2     5e-26   86.5   7.2   1.0   1   0   0   1   1   1   1 PI-actitoxin-Axm2a OS=Anthopleura aff. xanthogrammica OX=152178 PE=1 SV=1
sp|C0HJU6|VKT2F_RADCR     -          pdb_kunitz_rp_formatted -            4.4e-26   86.7   4.5   4.6e-26   86.6   4.5   1.0   1   0   0   1   1   1   1 PI-stichotoxin-Hcr2f OS=Radianthus crispa OX=3122430 PE=1 SV=1
sp|A0A3G2FQK2|3DPD_HETMG  -          pdb_kunitz_rp_formatted -            5.1e-26   86.5   6.8   5.1e-26   86.5   6.8   1.7   1   1   1   2   2   1   1 PI-stichotoxin-Hmg3d (Fragment) OS=Heteractis magnifica OX=38281 PE=1 SV=1
sp|Q9GP15|IRCPI_IXORI     -          pdb_kunitz_rp_formatted -            5.5e-26   86.4   6.4   6.7e-26   86.1   6.4   1.1   1   0   0   1   1   1   1 Kunitz-type anticoagulant protein Ir-CPI OS=Ixodes ricinus OX=34613 GN=CPI PE=2 SV=1
sp|B4ESA3|VKT2L_BUNMU     -          pdb_kunitz_rp_formatted -            5.5e-26   86.4   6.4   6.2e-26   86.2   6.4   1.0   1   0   0   1   1   1   1 Kunitz-type serine protease inhibitor PILP-2 OS=Bungarus multicinctus OX=8616 PE=3 SV=1
sp|A6MGX9|VKT5_DEMVE      -          pdb_kunitz_rp_formatted -            5.8e-26   86.3   5.1   6.6e-26   86.1   5.1   1.0   1   0   0   1   1   1   1 Kunitz-type serine protease inhibitor vestiginin-5 OS=Demansia vestigiata OX=412038 PE=2 SV=1
sp|B5KF94|VKT1_HOPST      -          pdb_kunitz_rp_formatted -              6e-26   86.3   5.2   6.7e-26   86.1   5.2   1.0   1   0   0   1   1   1   1 Kunitz-type serine protease inhibitor stephenin-1 OS=Hoplocephalus stephensii OX=196418 PE=2 SV=1
sp|P0C5J5|WFKN1_RAT       -          pdb_kunitz_rp_formatted -            8.5e-26   85.8   2.7   6.5e-21   70.1   0.3   3.0   2   0   0   2   2   2   2 WAP, Kazal, immunoglobulin, Kunitz and NTR domain-containing protein 1 OS=Rattus norvegicus OX=10116 GN=Wfikkn1 PE=2 SV=1
sp|B5L5Q8|VKT5_PSEAU      -          pdb_kunitz_rp_formatted -            9.6e-26   85.6   6.1   1.1e-25   85.4   6.1   1.0   1   0   0   1   1   1   1 Kunitz-type serine protease inhibitor mulgin-5 OS=Pseudechis australis OX=8670 PE=3 SV=1
sp|P0DN14|VKTA_ANEVI      -          pdb_kunitz_rp_formatted -            1.1e-25   85.4   7.5   1.3e-25   85.2   7.5   1.1   1   0   0   1   1   1   1 U-actitoxin-Avd3m OS=Anemonia viridis OX=51769 PE=3 SV=1
sp|P00976|IBPC_BOVIN      -          pdb_kunitz_rp_formatted -            1.2e-25   85.3   3.0   1.3e-25   85.2   3.0   1.0   1   0   0   1   1   1   1 Colostrum trypsin inhibitor OS=Bos taurus OX=9913 PE=1 SV=2
sp|B5KL30|VKT4_OXYSC      -          pdb_kunitz_rp_formatted -            1.3e-25   85.2   3.1   1.5e-25   85.0   3.1   1.0   1   0   0   1   1   1   1 Kunitz-type serine protease inhibitor scutellin-4 OS=Oxyuranus scutellatus scutellatus OX=8667 PE=2 SV=1
sp|C1IC53|VKT4_WALAE      -          pdb_kunitz_rp_formatted -            1.8e-25   84.7   8.5   2.3e-25   84.4   8.5   1.1   1   0   0   1   1   1   1 Protease inhibitor 4 OS=Walterinnesia aegyptia OX=64182 PE=1 SV=1
sp|B2KTG1|VKT_BUNFA       -          pdb_kunitz_rp_formatted -            2.2e-25   84.4   7.4   2.7e-25   84.2   7.4   1.0   1   0   0   1   1   1   1 Kunitz-type serine protease inhibitor bungaruskunin OS=Bungarus fasciatus OX=8613 PE=1 SV=1
sp|P0DMJ2|VKT3C_ACTEQ     -          pdb_kunitz_rp_formatted -            2.6e-25   84.2   7.9     3e-25   84.0   7.9   1.0   1   0   0   1   1   1   1 PI-actitoxin-Aeq3c OS=Actinia equina OX=6106 PE=1 SV=1
sp|P24541|VKT_ERIMA       -          pdb_kunitz_rp_formatted -            2.6e-25   84.2   8.1   2.9e-25   84.1   8.1   1.0   1   0   0   1   1   1   1 Kunitz-type serine protease inhibitor OS=Eristicophis macmahoni OX=110227 PE=1 SV=1
sp|A6MFL2|VKT2_DEMVE      -          pdb_kunitz_rp_formatted -            2.7e-25   84.2   6.8     3e-25   84.0   6.8   1.0   1   0   0   1   1   1   1 Kunitz-type serine protease inhibitor vestiginin-2 OS=Demansia vestigiata OX=412038 PE=2 SV=1
sp|A8Y7N6|VKTC3_DABSI     -          pdb_kunitz_rp_formatted -            2.9e-25   84.1   8.3   3.3e-25   83.9   8.3   1.0   1   0   0   1   1   1   1 Kunitz-type serine protease inhibitor C3 OS=Daboia siamensis OX=343250 PE=2 SV=1
sp|P0DN07|VKT4_ANEVI      -          pdb_kunitz_rp_formatted -            3.8e-25   83.7   7.9   4.7e-25   83.4   7.9   1.1   1   0   0   1   1   1   1 U-actitoxin-Avd3g OS=Anemonia viridis OX=51769 PE=3 SV=1
sp|A8Y7N7|VKTC4_DABSI     -          pdb_kunitz_rp_formatted -            4.3e-25   83.5   8.2   4.9e-25   83.3   8.2   1.1   1   0   0   1   1   1   1 Kunitz-type serine protease inhibitor C4 OS=Daboia siamensis OX=343250 PE=2 SV=1
sp|Q06481|APLP2_HUMAN     -          pdb_kunitz_rp_formatted -            5.5e-25   83.2   3.0   5.5e-25   83.2   3.0   2.3   3   0   0   3   3   1   1 Amyloid beta precursor like protein 2 OS=Homo sapiens OX=9606 GN=APLP2 PE=1 SV=2
sp|P15943|APLP2_RAT       -          pdb_kunitz_rp_formatted -            5.8e-25   83.1   3.0   5.8e-25   83.1   3.0   1.9   2   0   0   2   2   1   1 Amyloid beta precursor like protein 2 OS=Rattus norvegicus OX=10116 GN=Aplp2 PE=1 SV=2
sp|B5KL32|VKT3_NOTSC      -          pdb_kunitz_rp_formatted -            6.5e-25   82.9   7.7   7.4e-25   82.8   7.7   1.0   1   0   0   1   1   1   1 Kunitz-type serine protease inhibitor tigerin-3 OS=Notechis scutatus scutatus OX=70142 PE=2 SV=1
sp|F8J2F6|VKT18_DRYCN     -          pdb_kunitz_rp_formatted -            8.5e-25   82.6   5.8   9.7e-25   82.4   5.8   1.0   1   0   0   1   1   1   1 Kunitz-type serine protease inhibitor 18 OS=Drysdalia coronoides OX=66186 PE=1 SV=1
sp|C8YJ94|KUN2_TABYA      -          pdb_kunitz_rp_formatted -              1e-24   82.3   9.7   1.2e-24   82.1   9.7   1.1   1   0   0   1   1   1   1 Tabkunin 2 OS=Tabanus yao OX=485572 PE=1 SV=1
sp|Q8AY43|VKTA_BUNCA      -          pdb_kunitz_rp_formatted -            1.1e-24   82.3   9.4   1.2e-24   82.1   9.4   1.1   1   0   0   1   1   1   1 Kunitz-type serine protease inhibitor A OS=Bungarus candidus OX=92438 PE=2 SV=2
sp|P00990|VKT2_DABSI      -          pdb_kunitz_rp_formatted -            1.1e-24   82.2   8.3   1.2e-24   82.1   8.3   1.0   1   0   0   1   1   1   1 Kunitz-type serine protease inhibitor 2 OS=Daboia siamensis OX=343250 PE=1 SV=1
sp|H2A0N1|KCP2_PINMG      -          pdb_kunitz_rp_formatted -            1.4e-24   81.9  16.3   2.2e-13   46.0   4.1   2.2   2   0   0   2   2   2   2 BPTI/Kunitz domain-containing protein 2 OS=Margaritifera margaritifera OX=102329 PE=1 SV=1
sp|P0DN18|VKTE_ANEVI      -          pdb_kunitz_rp_formatted -            1.6e-24   81.7   7.6   1.9e-24   81.5   7.6   1.1   1   0   0   1   1   1   1 U-actitoxin-Avd3q OS=Anemonia viridis OX=51769 PE=3 SV=1
sp|A8Y7P4|VKTB4_DABSI     -          pdb_kunitz_rp_formatted -            1.7e-24   81.6   6.4     2e-24   81.4   6.4   1.0   1   0   0   1   1   1   1 Kunitz-type serine protease inhibitor B4 OS=Daboia siamensis OX=343250 PE=2 SV=1
sp|P20229|VKTTI_NAJNA     -          pdb_kunitz_rp_formatted -            2.1e-24   81.3   7.2   2.2e-24   81.2   7.2   1.0   1   0   0   1   1   1   1 Kunitz-type serine protease inhibitor OS=Naja naja OX=35670 PE=1 SV=1
sp|A8Y7P1|VKTB1_DABSI     -          pdb_kunitz_rp_formatted -            2.5e-24   81.1   6.5   2.9e-24   80.9   6.5   1.0   1   0   0   1   1   1   1 Kunitz-type serine protease inhibitor B1 OS=Daboia siamensis OX=343250 PE=1 SV=1
sp|P0DMX0|VKT3_ANTAF      -          pdb_kunitz_rp_formatted -            2.6e-24   81.0  11.7     3e-24   80.8  11.7   1.0   1   0   0   1   1   1   1 PI-actitoxin-Axm2b OS=Anthopleura aff. xanthogrammica OX=152178 PE=1 SV=1
sp|A8Y7N4|VKTC1_DABSI     -          pdb_kunitz_rp_formatted -            2.9e-24   80.9   9.3   3.4e-24   80.7   9.3   1.1   1   0   0   1   1   1   1 Kunitz-type serine protease inhibitor C1 OS=Daboia siamensis OX=343250 PE=2 SV=1
sp|H6VC05|VKTK1_DABRR     -          pdb_kunitz_rp_formatted -            2.9e-24   80.9   9.3   3.4e-24   80.7   9.3   1.1   1   0   0   1   1   1   1 Kunitz-type serine protease inhibitor DrKIn-I OS=Daboia russelii OX=8707 PE=1 SV=1
sp|B5KL27|VKT3_OXYMI      -          pdb_kunitz_rp_formatted -            3.6e-24   80.6   4.0     4e-24   80.4   4.0   1.0   1   0   0   1   1   1   1 Kunitz-type serine protease inhibitor microlepidin-3 OS=Oxyuranus microlepidotus OX=111177 PE=2 SV=1
sp|A8Y7P5|VKTB5_DABSI     -          pdb_kunitz_rp_formatted -            3.6e-24   80.6   6.4   4.2e-24   80.4   6.4   1.1   1   0   0   1   1   1   1 Kunitz-type serine protease inhibitor B5 OS=Daboia siamensis OX=343250 PE=2 SV=1
sp|A8Y7P0|VKTB7_DABSI     -          pdb_kunitz_rp_formatted -            4.1e-24   80.4   8.5   4.7e-24   80.2   8.5   1.0   1   0   0   1   1   1   1 Kunitz-type serine protease inhibitor 7 OS=Daboia siamensis OX=343250 PE=2 SV=1
sp|A8Y7N8|VKTC5_DABSI     -          pdb_kunitz_rp_formatted -            4.1e-24   80.4   8.9   4.7e-24   80.2   8.9   1.1   1   0   0   1   1   1   1 Kunitz-type serine protease inhibitor C5 OS=Daboia siamensis OX=343250 PE=2 SV=1
sp|Q28201|TKDP1_BOVIN     -          pdb_kunitz_rp_formatted -            4.8e-24   80.2   5.5   1.2e-23   78.9   5.5   1.7   1   0   0   1   1   1   1 Trophoblast Kunitz domain protein 1 OS=Bos taurus OX=9913 GN=TKDP1 PE=2 SV=2
sp|B5KL29|VKT3_OXYSC      -          pdb_kunitz_rp_formatted -            5.4e-24   80.0   4.3   6.1e-24   79.8   4.3   1.0   1   0   0   1   1   1   1 Kunitz-type serine protease inhibitor scutellin-3 OS=Oxyuranus scutellatus scutellatus OX=8667 PE=2 SV=1
sp|B4ESA4|VKT3L_BUNMU     -          pdb_kunitz_rp_formatted -            5.7e-24   79.9  10.3   6.4e-24   79.8  10.3   1.0   1   0   0   1   1   1   1 Kunitz-type serine protease inhibitor PILP-3 OS=Bungarus multicinctus OX=8616 PE=3 SV=1
sp|P81162|CRPTI_RHIMP     -          pdb_kunitz_rp_formatted -            5.8e-24   79.9   5.8   6.9e-24   79.7   5.8   1.1   1   0   0   1   1   1   1 Protease inhibitor carrapatin OS=Rhipicephalus microplus OX=6941 PE=1 SV=1
sp|P0C8W3|VKT11_HOFGE     -          pdb_kunitz_rp_formatted -            6.6e-24   79.7   7.2   7.9e-24   79.5   7.2   1.1   1   0   0   1   1   1   1 Kunitz-type serine protease inhibitor Hg1 OS=Hoffmannihadrurus gertschi OX=380989 PE=1 SV=1
sp|D4A2Z2|EPPI_RAT        -          pdb_kunitz_rp_formatted -            6.9e-24   79.7   9.0   1.9e-23   78.3   9.0   1.8   1   0   0   1   1   1   1 Eppin OS=Rattus norvegicus OX=10116 GN=Eppin PE=3 SV=1
sp|Q29100|UPTI_PIG        -          pdb_kunitz_rp_formatted -            7.1e-24   79.6   7.4   7.1e-24   79.6   7.4   1.5   1   1   0   1   1   1   1 Uterine plasmin/trypsin inhibitor OS=Sus scrofa OX=9823 PE=1 SV=1
sp|O62845|ELAC_NOTEU      -          pdb_kunitz_rp_formatted -            9.6e-24   79.2   4.6   1.7e-23   78.4   4.6   1.4   1   0   0   1   1   1   1 Early lactation protein OS=Notamacropus eugenii OX=9315 GN=ELP PE=1 SV=1
sp|Q5ZPJ7|VKT_NAJAT       -          pdb_kunitz_rp_formatted -            1.2e-23   78.9   9.3   1.3e-23   78.7   9.3   1.0   1   0   0   1   1   1   1 Kunitz-type serine protease inhibitor NACI OS=Naja atra OX=8656 PE=1 SV=1
sp|P26228|SBPI_SARBU      -          pdb_kunitz_rp_formatted -            1.7e-23   78.4   6.3     2e-23   78.2   6.3   1.0   1   0   0   1   1   1   1 Protease inhibitor OS=Sarcophaga bullata OX=7385 PE=1 SV=1
sp|O93279|A4_TAKRU        -          pdb_kunitz_rp_formatted -              2e-23   78.2   3.4   3.8e-23   77.3   3.4   1.5   1   0   0   1   1   1   1 Amyloid-beta A4 protein OS=Takifugu rubripes OX=31033 GN=app PE=3 SV=1
sp|P81548|VKT2_ANTAF      -          pdb_kunitz_rp_formatted -            2.2e-23   78.0   8.9   2.3e-23   78.0   8.9   1.0   1   0   0   1   1   1   1 PI-actitoxin-Axm2b OS=Anthopleura aff. xanthogrammica OX=152178 PE=1 SV=1
sp|F5GTK6|VKGUA_SIMGU     -          pdb_kunitz_rp_formatted -            2.6e-23   77.8   8.2   3.8e-23   77.3   8.2   1.3   1   0   0   1   1   1   1 Guianensin OS=Simulium guianense OX=445764 PE=1 SV=1
sp|P0DJ46|VKT21_LYCMC     -          pdb_kunitz_rp_formatted -            2.7e-23   77.8   6.8   3.2e-23   77.5   6.8   1.1   1   0   0   1   1   1   1 Kunitz-type serine protease inhibitor LmKTT-1a OS=Lychas mucronatus OX=172552 PE=1 SV=1
sp|B2KTG3|VKTH2_BUNFA     -          pdb_kunitz_rp_formatted -            3.8e-23   77.3   9.6   4.3e-23   77.1   9.6   1.0   1   0   0   1   1   1   1 Kunitz-type serine protease inhibitor homolog beta-bungarotoxin BF B2 chain OS=Bungarus fasciatus OX=8613 PE=2 SV=1
sp|D5J9Q8|VKT5_BUNFL      -          pdb_kunitz_rp_formatted -            3.8e-23   77.3   9.6   4.3e-23   77.1   9.6   1.0   1   0   0   1   1   1   1 Kunitz-type serine protease inhibitor isoform 5 OS=Bungarus flaviceps flaviceps OX=8615 PE=3 SV=1
sp|A7X3V7|VKT1_PHIOL      -          pdb_kunitz_rp_formatted -            6.5e-23   76.5   6.4   7.8e-23   76.3   6.4   1.1   1   0   0   1   1   1   1 Kunitz-type serine protease inhibitor kunitoxin-Phi1 OS=Philodryas olfersii OX=120305 PE=2 SV=1
sp|P82966|VKTCI_OPHHA     -          pdb_kunitz_rp_formatted -            8.7e-23   76.1   5.3   9.9e-23   76.0   5.3   1.0   1   0   0   1   1   1   1 Kunitz-type serine protease inhibitor OS=Ophiophagus hannah OX=8665 PE=1 SV=2
sp|O95925|EPPI_HUMAN      -          pdb_kunitz_rp_formatted -            1.1e-22   75.8   7.4     3e-22   74.4   7.4   1.8   1   0   0   1   1   1   1 Eppin OS=Homo sapiens OX=9606 GN=EPPIN PE=1 SV=1
sp|P15989|CO6A3_CHICK     -          pdb_kunitz_rp_formatted -            1.7e-22   75.2   5.0   4.6e-22   73.8   5.0   1.7   1   0   0   1   1   1   1 Collagen alpha-3(VI) chain OS=Gallus gallus OX=9031 GN=COL6A3 PE=2 SV=2
sp|D2Y489|VKT1B_CONCL     -          pdb_kunitz_rp_formatted -              2e-22   75.0   4.5   2.2e-22   74.9   4.5   1.0   1   0   0   1   1   1   1 Kunitz-type serine protease inhibitor conotoxin Cal9.1b (Fragment) OS=Californiconus californicus OX=1736779 PE=2 SV=1
sp|P16044|IBPI_TACTR      -          pdb_kunitz_rp_formatted -            2.2e-22   74.8   7.5   2.6e-22   74.6   7.5   1.0   1   0   0   1   1   1   1 Proteinase inhibitor OS=Tachypleus tridentatus OX=6853 PE=1 SV=1
sp|Q29143|ELAC_TRIVU      -          pdb_kunitz_rp_formatted -              5e-22   73.7   3.0   6.9e-22   73.3   3.0   1.2   1   0   0   1   1   1   1 Early lactation protein OS=Trichosurus vulpecula OX=9337 GN=ELP PE=1 SV=1
sp|D2Y490|VKT1C_CONCL     -          pdb_kunitz_rp_formatted -            5.2e-22   73.7   5.4   5.6e-22   73.6   5.4   1.0   1   0   0   1   1   1   1 Kunitz-type serine protease inhibitor conotoxin Cal9.1c (Fragment) OS=Californiconus californicus OX=1736779 PE=2 SV=1
sp|C8YJ96|KUN4_TABYA      -          pdb_kunitz_rp_formatted -            6.6e-22   73.3   8.7   7.4e-22   73.2   8.7   1.1   1   0   0   1   1   1   1 Tabkunin 4 OS=Tabanus yao OX=485572 PE=3 SV=1
sp|P86964|KCP3_PINMA      -          pdb_kunitz_rp_formatted -              7e-22   73.2  21.6   8.4e-12   41.0   6.2   2.2   2   0   0   2   2   2   2 BPTI/Kunitz domain-containing protein 3 OS=Pinctada maxima OX=104660 PE=1 SV=1
sp|D2Y488|VKT1A_CONCL     -          pdb_kunitz_rp_formatted -            8.1e-22   73.0   4.4   9.6e-22   72.8   4.4   1.1   1   0   0   1   1   1   1 Kunitz-type serine protease inhibitor conotoxin Cal9.1a OS=Californiconus californicus OX=1736779 PE=3 SV=1
sp|Q4KUS1|WFDC8_MOUSE     -          pdb_kunitz_rp_formatted -            1.3e-21   72.4   5.2   1.3e-21   72.4   5.2   2.5   2   0   0   2   2   1   1 WAP four-disulfide core domain protein 8 OS=Mus musculus OX=10090 GN=Wfdc8 PE=2 SV=1
sp|H2A0M2|KCP1_PINMG      -          pdb_kunitz_rp_formatted -            1.4e-21   72.3  10.2   2.5e-21   71.5  10.2   1.4   1   0   0   1   1   1   1 BPTI/Kunitz domain-containing protein 1 OS=Margaritifera margaritifera OX=102329 PE=1 SV=1
sp|P00983|MAMB7_DENPO     -          pdb_kunitz_rp_formatted -            1.4e-21   72.3   6.6   1.4e-21   72.2   6.6   1.0   1   0   0   1   1   1   1 Mambaquaretin-7 OS=Dendroaspis polylepis polylepis OX=8620 PE=1 SV=1
sp|P0DJ49|VKT24_OLIMR     -          pdb_kunitz_rp_formatted -            1.5e-21   72.2   6.9   1.6e-21   72.1   6.9   1.0   1   0   0   1   1   1   1 Kunitz-type serine protease inhibitor BmKTT-1 OS=Olivierus martensii OX=34649 PE=3 SV=1
sp|P16344|VKT2A_RADCR     -          pdb_kunitz_rp_formatted -            1.6e-21   72.1   2.1   1.8e-21   71.9   2.1   1.1   1   0   0   1   1   1   1 PI-stichotoxin-Hcr2a OS=Radianthus crispa OX=3122430 PE=1 SV=1
sp|P68425|VKT1A_CYRSC     -          pdb_kunitz_rp_formatted -            4.7e-21   70.6   7.5   5.7e-21   70.3   7.5   1.1   1   0   0   1   1   1   1 Kunitz-type kappaPI-theraphotoxin-Hs1a OS=Cyriopagopus schmidti OX=29017 PE=1 SV=2
sp|B2ZBB6|VKT11_CYRSC     -          pdb_kunitz_rp_formatted -            6.4e-21   70.2   7.6   7.8e-21   69.9   7.6   1.1   1   0   0   1   1   1   1 Kunitz-type kappaPI-theraphotoxin-Hs1b OS=Cyriopagopus schmidti OX=29017 PE=3 SV=1
sp|P0DJ66|VKT17_CYRHA     -          pdb_kunitz_rp_formatted -            9.6e-21   69.6   9.1   1.5e-20   69.0   9.1   1.3   1   0   0   1   1   1   1 Kunitz-type serine protease inhibitor HNTX-03141017 (Fragment) OS=Cyriopagopus hainanus OX=209901 PE=2 SV=1
sp|P0CY85|VKTB1_CONBU     -          pdb_kunitz_rp_formatted -              1e-20   69.5   5.0   1.2e-20   69.2   5.0   1.1   1   0   0   1   1   1   1 Kunitz-type conkunitzin-B1 OS=Conus bullatus OX=89438 PE=3 SV=1
sp|Q1RPS9|VKTH5_BUNMU     -          pdb_kunitz_rp_formatted -            1.1e-20   69.4  10.9   1.3e-20   69.2  10.9   1.1   1   0   0   1   1   1   1 Kunitz-type serine protease inhibitor homolog beta-bungarotoxin B5 chain OS=Bungarus multicinctus OX=8616 PE=3 SV=1
sp|P10832|ISC2_BOMMO      -          pdb_kunitz_rp_formatted -            1.9e-20   68.7   8.3     2e-20   68.5   8.3   1.1   1   0   0   1   1   1   1 Chymotrypsin inhibitor SCI-II OS=Bombyx mori OX=7091 PE=1 SV=1
sp|P10831|ISC1_BOMMO      -          pdb_kunitz_rp_formatted -            2.7e-20   68.2   7.8   2.9e-20   68.0   7.8   1.1   1   0   0   1   1   1   1 Chymotrypsin inhibitor SCI-I OS=Bombyx mori OX=7091 PE=1 SV=1
sp|Q8T0W4|VKT2_PIMHY      -          pdb_kunitz_rp_formatted -            8.2e-20   66.6   2.7   1.1e-19   66.2   2.7   1.2   1   0   0   1   1   1   1 Kunitz-type serine protease inhibitor cvp2 OS=Pimpla hypochondriaca OX=135724 PE=1 SV=1
sp|D2Y2Q7|VKTP1_CYRHA     -          pdb_kunitz_rp_formatted -              1e-19   66.3   5.4   1.2e-19   66.0   5.4   1.1   1   0   0   1   1   1   1 Kunitz-type U15-theraphotoxin-Hhn1p OS=Cyriopagopus hainanus OX=209901 PE=3 SV=1
sp|D2Y2Q2|VKTM1_CYRHA     -          pdb_kunitz_rp_formatted -            1.1e-19   66.2   5.9   1.3e-19   66.0   5.9   1.1   1   0   0   1   1   1   1 Kunitz-type U15-theraphotoxin-Hhn1m OS=Cyriopagopus hainanus OX=209901 PE=3 SV=1
sp|D2Y2Q8|VKTQ1_CYRHA     -          pdb_kunitz_rp_formatted -            1.6e-19   65.7   5.7   1.9e-19   65.4   5.7   1.1   1   0   0   1   1   1   1 Kunitz-type U15-theraphotoxin-Hhn1q OS=Cyriopagopus hainanus OX=209901 PE=3 SV=1
sp|Q8AY46|VKTHB_BUNCA     -          pdb_kunitz_rp_formatted -            1.7e-19   65.6   8.2   1.9e-19   65.4   8.2   1.1   1   0   0   1   1   1   1 Kunitz-type serine protease inhibitor homolog beta-bungarotoxin B1 chain OS=Bungarus candidus OX=92438 PE=2 SV=2
sp|D2Y2Q1|VKTL1_CYRHA     -          pdb_kunitz_rp_formatted -            3.8e-19   64.5   6.3   4.6e-19   64.2   6.3   1.1   1   0   0   1   1   1   1 Kunitz-type U15-theraphotoxin-Hhn1l OS=Cyriopagopus hainanus OX=209901 PE=3 SV=1
sp|D2Y2Q5|VKTN1_CYRHA     -          pdb_kunitz_rp_formatted -            6.5e-19   63.7   5.9   7.8e-19   63.5   5.9   1.1   1   0   0   1   1   1   1 Kunitz-type U15-theraphotoxin-Hhn1n OS=Cyriopagopus hainanus OX=209901 PE=3 SV=1
sp|P81906|ISPI2_GALME     -          pdb_kunitz_rp_formatted -            8.3e-19   63.4   1.0     9e-19   63.3   1.0   1.0   1   0   0   1   1   1   1 Inducible serine protease inhibitor 2 (Fragment) OS=Galleria mellonella OX=7137 PE=1 SV=1
sp|B2ZBC0|VKTG9_CYRSC     -          pdb_kunitz_rp_formatted -            9.9e-19   63.2   2.6   1.2e-18   62.9   2.6   1.1   1   0   0   1   1   1   1 Kunitz-type U15-theraphotoxin-Hs1c OS=Cyriopagopus schmidti OX=29017 PE=3 SV=1
sp|P07481|ISC3_BOMMO      -          pdb_kunitz_rp_formatted -            1.2e-18   62.8   7.3   1.4e-18   62.7   7.3   1.1   1   0   0   1   1   1   1 Chymotrypsin inhibitor SCI-III OS=Bombyx mori OX=7091 PE=1 SV=1
sp|O73683|A4_DICFU        -          pdb_kunitz_rp_formatted -            1.4e-18   62.6   0.8   2.7e-18   61.7   0.8   1.5   1   0   0   1   1   1   1 Amyloid-beta A4 protein OS=Dichotomyctere fluviatilis OX=2593188 GN=app PE=2 SV=1
sp|B4ESA2|VKT1L_BUNMU     -          pdb_kunitz_rp_formatted -              3e-18   61.6   6.0   3.4e-18   61.4   6.0   1.0   1   0   0   1   1   1   1 Kunitz-type serine protease inhibitor PILP-1 OS=Bungarus multicinctus OX=8616 PE=3 SV=1
sp|D2Y2Q6|VKTO1_CYRHA     -          pdb_kunitz_rp_formatted -            3.2e-18   61.5   4.1   3.9e-18   61.3   4.1   1.1   1   0   0   1   1   1   1 Kunitz-type U15-theraphotoxin-Hhn1o OS=Cyriopagopus hainanus OX=209901 PE=3 SV=1
sp|P0DJ80|VKT22_CYRSC     -          pdb_kunitz_rp_formatted -            4.2e-18   61.1   3.0   5.1e-18   60.9   3.0   1.1   1   0   0   1   1   1   1 Kunitz-type U15-theraphotoxin-Hs1a OS=Cyriopagopus schmidti OX=29017 PE=3 SV=1
sp|B2ZBB8|VKT33_CYRSC     -          pdb_kunitz_rp_formatted -            4.2e-18   61.1   3.0   5.1e-18   60.9   3.0   1.1   1   0   0   1   1   1   1 Kunitz-type U15-theraphotoxin-Hs1a OS=Cyriopagopus schmidti OX=29017 PE=3 SV=1
sp|P0DJ85|VKT45_CYRSC     -          pdb_kunitz_rp_formatted -            4.4e-18   61.1   1.7   5.4e-18   60.8   1.7   1.1   1   0   0   1   1   1   1 Kunitz-type U15-theraphotoxin-Hs1f OS=Cyriopagopus schmidti OX=29017 PE=3 SV=1
sp|Q9D263|SPIT4_MOUSE     -          pdb_kunitz_rp_formatted -            7.4e-18   60.3   5.1     1e-17   59.9   5.1   1.2   1   0   0   1   1   1   1 Kunitz-type protease inhibitor 4 OS=Mus musculus OX=10090 GN=Spint4 PE=2 SV=1
sp|D2Y2F4|VKTC1_CYRHA     -          pdb_kunitz_rp_formatted -              9e-18   60.1   3.1   1.1e-17   59.8   3.1   1.1   1   0   0   1   1   1   1 Kunitz-type U15-theraphotoxin-Hhn1c OS=Cyriopagopus hainanus OX=209901 PE=3 SV=1
sp|P0DJ67|VKT34_CYRHA     -          pdb_kunitz_rp_formatted -              9e-18   60.1   3.1   1.1e-17   59.8   3.1   1.1   1   0   0   1   1   1   1 Kunitz-type U15-theraphotoxin-Hhn1c OS=Cyriopagopus hainanus OX=209901 PE=3 SV=1
sp|Q2UY11|COSA1_MOUSE     -          pdb_kunitz_rp_formatted -            9.7e-18   60.0   5.9   1.7e-17   59.2   5.9   1.4   1   0   0   1   1   1   1 Collagen alpha-1(XXVIII) chain OS=Mus musculus OX=10090 GN=Col28a1 PE=2 SV=1
sp|D2Y2F6|VKTE1_CYRHA     -          pdb_kunitz_rp_formatted -            9.8e-18   60.0   3.5   1.2e-17   59.7   3.5   1.1   1   0   0   1   1   1   1 Kunitz-type U15-theraphotoxin-Hhn1e OS=Cyriopagopus hainanus OX=209901 PE=3 SV=1
sp|P0DJ72|VKT68_CYRHA     -          pdb_kunitz_rp_formatted -            9.8e-18   60.0   3.5   1.2e-17   59.7   3.5   1.1   1   0   0   1   1   1   1 Kunitz-type U15-theraphotoxin-Hhn1e OS=Cyriopagopus hainanus OX=209901 PE=3 SV=1
sp|D2Y2F5|VKT4_CYRHA      -          pdb_kunitz_rp_formatted -              1e-17   59.9   4.2   1.3e-17   59.6   4.2   1.1   1   0   0   1   1   1   1 Kunitz-type U15-theraphotoxin-Hhn1d OS=Cyriopagopus hainanus OX=209901 PE=3 SV=1
sp|P0DJ71|VKT35_CYRHA     -          pdb_kunitz_rp_formatted -              1e-17   59.9   4.2   1.3e-17   59.6   4.2   1.1   1   0   0   1   1   1   1 Kunitz-type U15-theraphotoxin-Hhn1d OS=Cyriopagopus hainanus OX=209901 PE=3 SV=1
sp|Q63870|CO7A1_MOUSE     -          pdb_kunitz_rp_formatted -            1.3e-17   59.5   1.1   2.3e-17   58.8   1.1   1.3   1   0   0   1   1   1   1 Collagen alpha-1(VII) chain OS=Mus musculus OX=10090 GN=Col7a1 PE=1 SV=3
sp|B2ZBB9|VKTG6_CYRSC     -          pdb_kunitz_rp_formatted -            1.6e-17   59.3   4.0     2e-17   59.0   4.0   1.1   1   0   0   1   1   1   1 Kunitz-type U15-theraphotoxin-Hs1b OS=Cyriopagopus schmidti OX=29017 PE=3 SV=1
sp|Q2UY09|COSA1_HUMAN     -          pdb_kunitz_rp_formatted -            4.7e-17   57.8   6.5   9.4e-17   56.8   6.5   1.5   1   0   0   1   1   1   1 Collagen alpha-1(XXVIII) chain OS=Homo sapiens OX=9606 GN=COL28A1 PE=1 SV=2
sp|D2Y2F7|VKTF1_CYRHA     -          pdb_kunitz_rp_formatted -            5.2e-17   57.6   4.5   6.8e-17   57.3   4.5   1.1   1   0   0   1   1   1   1 Kunitz-type U15-theraphotoxin-Hhn1f OS=Cyriopagopus hainanus OX=209901 PE=3 SV=1
sp|P0DJ73|VKT74_CYRHA     -          pdb_kunitz_rp_formatted -            5.2e-17   57.6   4.5   6.8e-17   57.3   4.5   1.1   1   0   0   1   1   1   1 Kunitz-type U15-theraphotoxin-Hhn1f OS=Cyriopagopus hainanus OX=209901 PE=3 SV=1
sp|D2Y2F9|VKTH1_CYRHA     -          pdb_kunitz_rp_formatted -            8.2e-17   57.0   3.5     1e-16   56.7   3.5   1.1   1   0   0   1   1   1   1 Kunitz-type U15-theraphotoxin-Hhn1h OS=Cyriopagopus hainanus OX=209901 PE=3 SV=1
sp|P0DJ65|VKT7_CYRHA      -          pdb_kunitz_rp_formatted -            8.2e-17   57.0   3.5     1e-16   56.7   3.5   1.1   1   0   0   1   1   1   1 Kunitz-type U15-theraphotoxin-Hhn1h OS=Cyriopagopus hainanus OX=209901 PE=3 SV=1
sp|P0DMW9|VKT34_ACTEQ     -          pdb_kunitz_rp_formatted -            6.5e-16   54.1   1.9   6.7e-16   54.1   1.9   1.0   1   0   0   1   1   1   1 Kunitz-type proteinase inhibitor AEPI-IV (Fragment) OS=Actinia equina OX=6106 PE=1 SV=1
sp|D2Y2G2|VKTK1_CYRHA     -          pdb_kunitz_rp_formatted -            1.3e-15   53.2   4.2   1.6e-15   52.9   4.2   1.1   1   0   0   1   1   1   1 Kunitz-type U15-theraphotoxin-Hhn1k OS=Cyriopagopus hainanus OX=209901 PE=3 SV=1
sp|P0DJ68|VKT45_CYRHA     -          pdb_kunitz_rp_formatted -            1.3e-15   53.2   4.2   1.6e-15   52.9   4.2   1.1   1   0   0   1   1   1   1 Kunitz-type U15-theraphotoxin-Hhn1k OS=Cyriopagopus hainanus OX=209901 PE=3 SV=1
sp|P0DMW8|VKT33_ACTEQ     -          pdb_kunitz_rp_formatted -            3.4e-15   51.8   3.2   3.5e-15   51.8   3.2   1.0   1   0   0   1   1   1   1 Kunitz-type proteinase inhibitor AEPI-III (Fragment) OS=Actinia equina OX=6106 PE=1 SV=1
sp|M9PE65|AXO_DROME       -          pdb_kunitz_rp_formatted -            2.3e-14   49.2   7.2   7.2e-14   47.6   7.2   1.9   1   0   0   1   1   1   1 Axotactin OS=Drosophila melanogaster OX=7227 GN=axo PE=1 SV=1
sp|C0LNR2|VKT_VESBI       -          pdb_kunitz_rp_formatted -            2.9e-14   48.8   2.7   3.7e-14   48.5   2.7   1.2   1   0   0   1   1   1   1 Kunitz-type serine protease inhibitor bicolin OS=Vespa bicolor OX=619325 PE=1 SV=1
sp|I6VXS1|KUN2_RHIHE      -          pdb_kunitz_rp_formatted -            4.1e-14   48.3  12.7   8.7e-14   47.3   9.4   2.5   2   0   0   2   2   2   1 Anticoagulant protein rhipilin-2 OS=Rhipicephalus haemaphysaloides OX=237073 PE=2 SV=1
sp|Q8IUA0|WFDC8_HUMAN     -          pdb_kunitz_rp_formatted -            7.9e-14   47.5   8.8   7.9e-14   47.5   8.8   2.4   2   1   0   2   2   1   1 WAP four-disulfide core domain protein 8 OS=Homo sapiens OX=9606 GN=WFDC8 PE=1 SV=2
sp|Q2ES49|VKT2_DABRR      -          pdb_kunitz_rp_formatted -            2.7e-13   45.7   6.7   3.2e-13   45.5   6.7   1.1   1   0   0   1   1   1   1 Kunitz-type serine protease inhibitor 2 OS=Daboia russelii OX=8707 PE=2 SV=1
sp|P26226|HTIA_MANSE      -          pdb_kunitz_rp_formatted -            2.9e-11   39.2   2.5   3.9e-11   38.8   2.5   1.2   1   0   0   1   1   1   1 Hemolymph trypsin inhibitor A (Fragment) OS=Manduca sexta OX=7130 PE=1 SV=1
sp|P0CH75|VKT25_CYRHA     -          pdb_kunitz_rp_formatted -            7.9e-11   37.8   0.9   8.9e-11   37.7   0.9   1.1   1   0   0   1   1   1   1 Kunitz-type serine protease inhibitor hainantoxin F7-25.66 (Fragment) OS=Cyriopagopus hainanus OX=209901 PE=1 SV=1
sp|Q11101|YL15_CAEEL      -          pdb_kunitz_rp_formatted -              6e-07   25.4   6.6   1.4e-06   24.2   6.6   1.7   1   0   0   1   1   1   1 BPTI/Kunitz inhibitor domain-containing protein C02F12.5 OS=Caenorhabditis elegans OX=6239 GN=C02F12.5 PE=1 SV=3
sp|O62247|BLI5_CAEEL      -          pdb_kunitz_rp_formatted -            9.5e-05   18.4   0.5   0.00028   16.9   0.5   1.9   1   0   0   1   1   1   1 Kunitz-type protein bli-5 OS=Caenorhabditis elegans OX=6239 GN=bli-5 PE=1 SV=1
sp|D3GGZ8|BLI5_HAECO      -          pdb_kunitz_rp_formatted -             0.0096   12.0   0.3    0.0096   12.0   0.3   2.1   2   0   0   2   2   1   1 Kunitz-type protein bli-5 OS=Haemonchus contortus OX=6289 GN=bli-5 PE=3 SV=1
#
# Program:         hmmsearch
# Version:         3.3.2 (Nov 2020)
# Pipeline mode:   SEARCH
# Query file:      models/structural_model.hmm
# Target file:     data/pos_1.fasta
# Option settings: hmmsearch --tblout data/pos_1.out --max -Z 1000 models/structural_model.hmm data/pos_1.fasta 
# Current dir:     /home/martina_caste/Kunitz_HMM_project
# Date:            Wed May  7 16:31:02 2025
# [ok]
